mode: set
github.com/denkhaus/templ-router/cmd/trgen/validate/validation.go:13.71,18.16 3 0
github.com/denkhaus/templ-router/cmd/trgen/validate/validation.go:18.16,20.3 1 0
github.com/denkhaus/templ-router/cmd/trgen/validate/validation.go:22.2,23.16 2 0
github.com/denkhaus/templ-router/cmd/trgen/validate/validation.go:23.16,25.3 1 0
github.com/denkhaus/templ-router/cmd/trgen/validate/validation.go:28.2,29.52 2 0
github.com/denkhaus/templ-router/cmd/trgen/validate/validation.go:29.52,31.3 1 0
github.com/denkhaus/templ-router/cmd/trgen/validate/validation.go:33.2,33.12 1 0
github.com/denkhaus/templ-router/cmd/trgen/validate/validation.go:37.66,45.22 3 0
github.com/denkhaus/templ-router/cmd/trgen/validate/validation.go:46.14,48.29 1 0
github.com/denkhaus/templ-router/cmd/trgen/validate/validation.go:48.29,50.4 1 0
github.com/denkhaus/templ-router/cmd/trgen/validate/validation.go:51.3,51.13 1 0
github.com/denkhaus/templ-router/cmd/trgen/validate/validation.go:52.16,54.31 1 0
github.com/denkhaus/templ-router/cmd/trgen/validate/validation.go:54.31,56.4 1 0
github.com/denkhaus/templ-router/cmd/trgen/validate/validation.go:57.3,57.13 1 0
github.com/denkhaus/templ-router/cmd/trgen/validate/validation.go:58.15,60.30 1 0
github.com/denkhaus/templ-router/cmd/trgen/validate/validation.go:60.30,62.4 1 0
github.com/denkhaus/templ-router/cmd/trgen/validate/validation.go:63.3,63.13 1 0
github.com/denkhaus/templ-router/cmd/trgen/validate/validation.go:67.2,67.71 1 0
github.com/denkhaus/templ-router/cmd/trgen/validate/validation.go:67.71,69.3 1 0
github.com/denkhaus/templ-router/cmd/trgen/validate/validation.go:72.2,72.57 1 0
github.com/denkhaus/templ-router/cmd/trgen/validate/validation.go:72.57,74.3 1 0
github.com/denkhaus/templ-router/cmd/trgen/validate/validation.go:77.2,77.22 1 0
github.com/denkhaus/templ-router/cmd/trgen/validate/validation.go:78.14,80.29 1 0
github.com/denkhaus/templ-router/cmd/trgen/validate/validation.go:80.29,82.4 1 0
github.com/denkhaus/templ-router/cmd/trgen/validate/validation.go:83.16,83.16 0 0
github.com/denkhaus/templ-router/cmd/trgen/validate/validation.go:86.15,88.30 1 0
github.com/denkhaus/templ-router/cmd/trgen/validate/validation.go:88.30,90.4 1 0
github.com/denkhaus/templ-router/cmd/trgen/validate/validation.go:91.10,94.13 1 0
github.com/denkhaus/templ-router/cmd/trgen/validate/validation.go:97.2,97.12 1 0
github.com/denkhaus/templ-router/cmd/trgen/validate/validation.go:101.52,106.53 2 0
github.com/denkhaus/templ-router/cmd/trgen/validate/validation.go:106.53,109.3 1 0
github.com/denkhaus/templ-router/cmd/trgen/validate/validation.go:112.2,113.16 2 0
github.com/denkhaus/templ-router/cmd/trgen/validate/validation.go:113.16,116.3 1 0
github.com/denkhaus/templ-router/cmd/trgen/validate/validation.go:119.2,122.92 2 0
github.com/denkhaus/templ-router/cmd/trgen/validate/validation.go:122.92,126.53 1 0
github.com/denkhaus/templ-router/cmd/trgen/validate/validation.go:126.53,128.4 1 0
github.com/denkhaus/templ-router/cmd/trgen/validate/validation.go:134.2,134.12 1 0
github.com/denkhaus/templ-router/cmd/trgen/validate/validation.go:138.48,139.27 1 1
github.com/denkhaus/templ-router/cmd/trgen/validate/validation.go:139.27,141.3 1 1
github.com/denkhaus/templ-router/cmd/trgen/validate/validation.go:143.2,143.28 1 1
github.com/denkhaus/templ-router/cmd/trgen/validate/validation.go:143.28,145.3 1 1
github.com/denkhaus/templ-router/cmd/trgen/validate/validation.go:147.2,147.29 1 1
github.com/denkhaus/templ-router/cmd/trgen/validate/validation.go:147.29,149.3 1 1
github.com/denkhaus/templ-router/cmd/trgen/validate/validation.go:151.2,151.30 1 1
github.com/denkhaus/templ-router/cmd/trgen/validate/validation.go:151.30,153.3 1 1
github.com/denkhaus/templ-router/cmd/trgen/validate/validation.go:156.2,156.47 1 1
github.com/denkhaus/templ-router/cmd/trgen/validate/validation.go:156.47,158.3 1 1
github.com/denkhaus/templ-router/cmd/trgen/validate/validation.go:160.2,160.97 1 1
github.com/denkhaus/templ-router/cmd/trgen/validate/validation.go:160.97,162.3 1 1
github.com/denkhaus/templ-router/cmd/trgen/validate/validation.go:165.2,165.46 1 1
github.com/denkhaus/templ-router/cmd/trgen/validate/validation.go:165.46,167.3 1 1
github.com/denkhaus/templ-router/cmd/trgen/validate/validation.go:169.2,169.12 1 1
github.com/denkhaus/templ-router/cmd/trgen/validate/validation.go:173.62,174.25 1 1
github.com/denkhaus/templ-router/cmd/trgen/validate/validation.go:174.25,176.3 1 1
github.com/denkhaus/templ-router/cmd/trgen/validate/validation.go:179.2,180.33 2 1
github.com/denkhaus/templ-router/cmd/trgen/validate/validation.go:180.33,181.30 1 1
github.com/denkhaus/templ-router/cmd/trgen/validate/validation.go:181.30,183.4 1 1
github.com/denkhaus/templ-router/cmd/trgen/validate/validation.go:185.3,185.29 1 1
github.com/denkhaus/templ-router/cmd/trgen/validate/validation.go:185.29,187.4 1 0
github.com/denkhaus/templ-router/cmd/trgen/validate/validation.go:189.3,189.37 1 1
github.com/denkhaus/templ-router/cmd/trgen/validate/validation.go:189.37,191.4 1 1
github.com/denkhaus/templ-router/cmd/trgen/validate/validation.go:192.3,192.40 1 1
github.com/denkhaus/templ-router/cmd/trgen/validate/validation.go:196.2,197.33 2 1
github.com/denkhaus/templ-router/cmd/trgen/validate/validation.go:197.33,198.39 1 1
github.com/denkhaus/templ-router/cmd/trgen/validate/validation.go:198.39,200.4 1 1
github.com/denkhaus/templ-router/cmd/trgen/validate/validation.go:201.3,201.42 1 1
github.com/denkhaus/templ-router/cmd/trgen/validate/validation.go:205.2,205.33 1 1
github.com/denkhaus/templ-router/cmd/trgen/validate/validation.go:205.33,206.47 1 1
github.com/denkhaus/templ-router/cmd/trgen/validate/validation.go:206.47,208.4 1 1
github.com/denkhaus/templ-router/cmd/trgen/validate/validation.go:211.2,211.12 1 1
github.com/denkhaus/templ-router/cmd/trgen/version/version.go:25.31,35.48 2 1
github.com/denkhaus/templ-router/cmd/trgen/version/version.go:35.48,37.27 1 1
github.com/denkhaus/templ-router/cmd/trgen/version/version.go:37.27,39.4 1 0
github.com/denkhaus/templ-router/cmd/trgen/version/version.go:42.3,42.34 1 1
github.com/denkhaus/templ-router/cmd/trgen/version/version.go:42.34,43.47 1 1
github.com/denkhaus/templ-router/cmd/trgen/version/version.go:43.47,44.24 1 1
github.com/denkhaus/templ-router/cmd/trgen/version/version.go:45.25,46.33 1 0
github.com/denkhaus/templ-router/cmd/trgen/version/version.go:46.33,48.7 1 0
github.com/denkhaus/templ-router/cmd/trgen/version/version.go:48.12,50.7 1 0
github.com/denkhaus/templ-router/cmd/trgen/version/version.go:51.21,52.37 1 0
github.com/denkhaus/templ-router/cmd/trgen/version/version.go:52.37,54.7 1 0
github.com/denkhaus/templ-router/cmd/trgen/version/version.go:60.2,60.13 1 1
github.com/denkhaus/templ-router/cmd/trgen/version/version.go:64.36,67.2 1 1
github.com/denkhaus/templ-router/cmd/trgen/version/version.go:70.35,72.2 1 0
github.com/denkhaus/templ-router/cmd/trgen/version/version.go:75.26,77.2 1 1
github.com/denkhaus/templ-router/cmd/trgen/version/version.go:80.31,82.2 1 0
github.com/denkhaus/templ-router/cmd/trgen/version/version.go:85.28,86.48 1 1
github.com/denkhaus/templ-router/cmd/trgen/version/version.go:86.48,88.3 1 1
github.com/denkhaus/templ-router/cmd/trgen/version/version.go:89.2,89.18 1 0
github.com/denkhaus/templ-router/cmd/trgen/version/version.go:92.23,93.48 1 1
github.com/denkhaus/templ-router/cmd/trgen/version/version.go:93.48,94.46 1 1
github.com/denkhaus/templ-router/cmd/trgen/version/version.go:94.46,95.29 1 1
github.com/denkhaus/templ-router/cmd/trgen/version/version.go:95.29,97.5 1 1
github.com/denkhaus/templ-router/cmd/trgen/version/version.go:100.2,100.18 1 0
github.com/denkhaus/templ-router/cmd/trgen/version/version.go:103.25,104.48 1 1
github.com/denkhaus/templ-router/cmd/trgen/version/version.go:104.48,105.46 1 1
github.com/denkhaus/templ-router/cmd/trgen/version/version.go:105.46,106.31 1 1
github.com/denkhaus/templ-router/cmd/trgen/version/version.go:106.31,108.5 1 1
github.com/denkhaus/templ-router/cmd/trgen/version/version.go:111.2,111.18 1 0
github.com/denkhaus/templ-router/cmd/trgen/generate/generator.go:20.82,22.69 1 1
github.com/denkhaus/templ-router/cmd/trgen/generate/generator.go:22.69,24.3 1 1
github.com/denkhaus/templ-router/cmd/trgen/generate/generator.go:26.2,26.12 1 1
github.com/denkhaus/templ-router/cmd/trgen/generate/generator.go:30.101,33.33 2 1
github.com/denkhaus/templ-router/cmd/trgen/generate/generator.go:33.33,35.3 1 1
github.com/denkhaus/templ-router/cmd/trgen/generate/generator.go:38.2,41.55 3 1
github.com/denkhaus/templ-router/cmd/trgen/generate/generator.go:41.55,46.51 3 1
github.com/denkhaus/templ-router/cmd/trgen/generate/generator.go:46.51,49.4 2 0
github.com/denkhaus/templ-router/cmd/trgen/generate/generator.go:49.9,51.4 1 1
github.com/denkhaus/templ-router/cmd/trgen/generate/generator.go:53.3,59.33 2 1
github.com/denkhaus/templ-router/cmd/trgen/generate/generator.go:59.33,61.4 1 1
github.com/denkhaus/templ-router/cmd/trgen/generate/generator.go:65.2,65.48 1 1
github.com/denkhaus/templ-router/cmd/trgen/generate/generator.go:65.48,67.3 1 1
github.com/denkhaus/templ-router/cmd/trgen/generate/generator.go:70.2,71.33 2 1
github.com/denkhaus/templ-router/cmd/trgen/generate/generator.go:71.33,73.38 1 1
github.com/denkhaus/templ-router/cmd/trgen/generate/generator.go:73.38,74.36 1 1
github.com/denkhaus/templ-router/cmd/trgen/generate/generator.go:74.36,75.50 1 1
github.com/denkhaus/templ-router/cmd/trgen/generate/generator.go:75.50,80.11 2 1
github.com/denkhaus/templ-router/cmd/trgen/generate/generator.go:86.2,86.44 1 1
github.com/denkhaus/templ-router/cmd/trgen/generate/generator.go:90.91,92.60 1 1
github.com/denkhaus/templ-router/cmd/trgen/generate/generator.go:92.60,94.3 1 1
github.com/denkhaus/templ-router/cmd/trgen/generate/generator.go:97.2,98.47 2 1
github.com/denkhaus/templ-router/cmd/trgen/generate/generator.go:98.47,99.47 1 1
github.com/denkhaus/templ-router/cmd/trgen/generate/generator.go:99.47,101.4 1 0
github.com/denkhaus/templ-router/cmd/trgen/generate/generator.go:105.2,127.16 5 1
github.com/denkhaus/templ-router/cmd/trgen/generate/generator.go:127.16,129.3 1 0
github.com/denkhaus/templ-router/cmd/trgen/generate/generator.go:132.2,133.16 2 1
github.com/denkhaus/templ-router/cmd/trgen/generate/generator.go:133.16,135.3 1 0
github.com/denkhaus/templ-router/cmd/trgen/generate/generator.go:136.2,136.15 1 1
github.com/denkhaus/templ-router/cmd/trgen/generate/generator.go:136.15,137.54 1 1
github.com/denkhaus/templ-router/cmd/trgen/generate/generator.go:137.54,139.4 1 0
github.com/denkhaus/templ-router/cmd/trgen/generate/generator.go:143.2,143.49 1 1
github.com/denkhaus/templ-router/cmd/trgen/generate/generator.go:143.49,145.3 1 0
github.com/denkhaus/templ-router/cmd/trgen/generate/generator.go:147.2,147.12 1 1
github.com/denkhaus/templ-router/cmd/trgen/utils/utils.go:18.37,20.24 2 1
github.com/denkhaus/templ-router/cmd/trgen/utils/utils.go:20.24,21.36 1 1
github.com/denkhaus/templ-router/cmd/trgen/utils/utils.go:21.36,23.4 1 0
github.com/denkhaus/templ-router/cmd/trgen/utils/utils.go:24.3,24.27 1 1
github.com/denkhaus/templ-router/cmd/trgen/utils/utils.go:24.27,26.4 1 1
github.com/denkhaus/templ-router/cmd/trgen/utils/utils.go:26.9,28.4 1 1
github.com/denkhaus/templ-router/cmd/trgen/utils/utils.go:30.2,30.24 1 1
github.com/denkhaus/templ-router/cmd/trgen/utils/utils.go:35.46,42.25 4 1
github.com/denkhaus/templ-router/cmd/trgen/utils/utils.go:42.25,43.93 1 1
github.com/denkhaus/templ-router/cmd/trgen/utils/utils.go:43.93,45.4 1 1
github.com/denkhaus/templ-router/cmd/trgen/utils/utils.go:48.2,51.70 2 1
github.com/denkhaus/templ-router/cmd/trgen/utils/utils.go:51.70,53.3 1 1
github.com/denkhaus/templ-router/cmd/trgen/utils/utils.go:56.2,56.21 1 1
github.com/denkhaus/templ-router/cmd/trgen/utils/utils.go:56.21,58.3 1 1
github.com/denkhaus/templ-router/cmd/trgen/utils/utils.go:60.2,60.18 1 1
github.com/denkhaus/templ-router/cmd/trgen/utils/utils.go:66.84,72.16 4 1
github.com/denkhaus/templ-router/cmd/trgen/utils/utils.go:72.16,77.43 4 0
github.com/denkhaus/templ-router/cmd/trgen/utils/utils.go:77.43,78.30 1 0
github.com/denkhaus/templ-router/cmd/trgen/utils/utils.go:78.30,80.10 2 0
github.com/denkhaus/templ-router/cmd/trgen/utils/utils.go:84.3,84.26 1 0
github.com/denkhaus/templ-router/cmd/trgen/utils/utils.go:84.27,86.4 0 0
github.com/denkhaus/templ-router/cmd/trgen/utils/utils.go:86.9,86.46 1 0
github.com/denkhaus/templ-router/cmd/trgen/utils/utils.go:86.46,88.4 1 0
github.com/denkhaus/templ-router/cmd/trgen/utils/utils.go:88.9,91.4 2 0
github.com/denkhaus/templ-router/cmd/trgen/utils/utils.go:92.8,94.17 2 1
github.com/denkhaus/templ-router/cmd/trgen/utils/utils.go:94.17,99.44 4 0
github.com/denkhaus/templ-router/cmd/trgen/utils/utils.go:99.44,100.31 1 0
github.com/denkhaus/templ-router/cmd/trgen/utils/utils.go:100.31,102.11 2 0
github.com/denkhaus/templ-router/cmd/trgen/utils/utils.go:106.4,106.27 1 0
github.com/denkhaus/templ-router/cmd/trgen/utils/utils.go:106.28,108.5 0 0
github.com/denkhaus/templ-router/cmd/trgen/utils/utils.go:108.10,108.47 1 0
github.com/denkhaus/templ-router/cmd/trgen/utils/utils.go:108.47,110.5 1 0
github.com/denkhaus/templ-router/cmd/trgen/utils/utils.go:110.10,113.5 2 0
github.com/denkhaus/templ-router/cmd/trgen/utils/utils.go:114.9,117.58 2 1
github.com/denkhaus/templ-router/cmd/trgen/utils/utils.go:117.58,122.45 4 1
github.com/denkhaus/templ-router/cmd/trgen/utils/utils.go:122.45,123.32 1 1
github.com/denkhaus/templ-router/cmd/trgen/utils/utils.go:123.32,125.12 2 1
github.com/denkhaus/templ-router/cmd/trgen/utils/utils.go:129.5,129.28 1 1
github.com/denkhaus/templ-router/cmd/trgen/utils/utils.go:129.29,131.6 0 0
github.com/denkhaus/templ-router/cmd/trgen/utils/utils.go:131.11,131.48 1 1
github.com/denkhaus/templ-router/cmd/trgen/utils/utils.go:131.48,133.6 1 1
github.com/denkhaus/templ-router/cmd/trgen/utils/utils.go:133.11,136.6 2 1
github.com/denkhaus/templ-router/cmd/trgen/utils/utils.go:137.10,140.19 2 0
github.com/denkhaus/templ-router/cmd/trgen/utils/utils.go:140.19,142.6 1 0
github.com/denkhaus/templ-router/cmd/trgen/utils/utils.go:147.2,147.47 1 1
github.com/denkhaus/templ-router/cmd/trgen/utils/utils.go:147.47,149.29 1 1
github.com/denkhaus/templ-router/cmd/trgen/utils/utils.go:149.29,151.4 1 1
github.com/denkhaus/templ-router/cmd/trgen/utils/utils.go:151.9,151.38 1 1
github.com/denkhaus/templ-router/cmd/trgen/utils/utils.go:151.38,153.4 1 1
github.com/denkhaus/templ-router/cmd/trgen/utils/utils.go:153.9,153.37 1 1
github.com/denkhaus/templ-router/cmd/trgen/utils/utils.go:153.37,155.4 1 0
github.com/denkhaus/templ-router/cmd/trgen/utils/utils.go:155.9,158.4 1 1
github.com/denkhaus/templ-router/cmd/trgen/utils/utils.go:163.2,165.29 3 1
github.com/denkhaus/templ-router/cmd/trgen/utils/utils.go:165.29,166.36 1 1
github.com/denkhaus/templ-router/cmd/trgen/utils/utils.go:166.36,167.12 1 0
github.com/denkhaus/templ-router/cmd/trgen/utils/utils.go:169.3,169.35 1 1
github.com/denkhaus/templ-router/cmd/trgen/utils/utils.go:169.35,172.4 2 1
github.com/denkhaus/templ-router/cmd/trgen/utils/utils.go:172.9,175.4 1 1
github.com/denkhaus/templ-router/cmd/trgen/utils/utils.go:178.2,179.26 2 1
github.com/denkhaus/templ-router/cmd/trgen/utils/utils.go:179.26,181.3 1 0
github.com/denkhaus/templ-router/cmd/trgen/utils/utils.go:181.8,183.3 1 1
github.com/denkhaus/templ-router/cmd/trgen/utils/utils.go:186.2,186.28 1 1
github.com/denkhaus/templ-router/cmd/trgen/utils/utils.go:186.28,188.3 1 1
github.com/denkhaus/templ-router/cmd/trgen/utils/utils.go:188.8,188.37 1 1
github.com/denkhaus/templ-router/cmd/trgen/utils/utils.go:188.37,190.3 1 0
github.com/denkhaus/templ-router/cmd/trgen/utils/utils.go:190.8,190.36 1 1
github.com/denkhaus/templ-router/cmd/trgen/utils/utils.go:190.36,192.3 1 1
github.com/denkhaus/templ-router/cmd/trgen/utils/utils.go:192.8,195.3 1 0
github.com/denkhaus/templ-router/cmd/trgen/utils/utils.go:199.93,205.16 4 1
github.com/denkhaus/templ-router/cmd/trgen/utils/utils.go:205.16,207.3 1 1
github.com/denkhaus/templ-router/cmd/trgen/utils/utils.go:209.2,218.21 6 1
github.com/denkhaus/templ-router/cmd/trgen/utils/utils.go:218.21,221.3 1 1
github.com/denkhaus/templ-router/cmd/trgen/utils/utils.go:224.2,225.25 2 1
github.com/denkhaus/templ-router/cmd/trgen/utils/utils.go:225.25,228.3 1 1
github.com/denkhaus/templ-router/cmd/trgen/utils/utils.go:231.2,231.44 1 1
github.com/denkhaus/templ-router/cmd/trgen/utils/utils.go:231.44,236.22 3 0
github.com/denkhaus/templ-router/cmd/trgen/utils/utils.go:236.22,239.4 1 0
github.com/denkhaus/templ-router/cmd/trgen/utils/utils.go:240.3,240.57 1 0
github.com/denkhaus/templ-router/cmd/trgen/utils/utils.go:241.8,244.3 1 1
github.com/denkhaus/templ-router/cmd/trgen/utils/utils.go:246.2,246.25 1 1
github.com/denkhaus/templ-router/cmd/trgen/utils/utils.go:246.25,249.3 1 0
github.com/denkhaus/templ-router/cmd/trgen/utils/utils.go:252.2,256.23 3 1
github.com/denkhaus/templ-router/cmd/trgen/utils/utils.go:256.23,259.3 2 1
github.com/denkhaus/templ-router/cmd/trgen/utils/utils.go:262.2,264.32 2 1
github.com/denkhaus/templ-router/cmd/trgen/utils/utils.go:268.88,271.2 1 0
github.com/denkhaus/templ-router/cmd/trgen/utils/utils.go:274.60,278.36 2 0
github.com/denkhaus/templ-router/cmd/trgen/utils/utils.go:278.36,280.21 2 0
github.com/denkhaus/templ-router/cmd/trgen/utils/utils.go:280.21,282.4 1 0
github.com/denkhaus/templ-router/cmd/trgen/utils/utils.go:282.9,284.4 1 0
github.com/denkhaus/templ-router/cmd/trgen/utils/utils.go:285.8,285.43 1 0
github.com/denkhaus/templ-router/cmd/trgen/utils/utils.go:285.43,287.3 1 0
github.com/denkhaus/templ-router/cmd/trgen/utils/utils.go:289.2,289.29 1 0
github.com/denkhaus/templ-router/cmd/trgen/utils/utils.go:289.29,292.3 1 0
github.com/denkhaus/templ-router/cmd/trgen/utils/utils.go:295.2,297.29 3 0
github.com/denkhaus/templ-router/cmd/trgen/utils/utils.go:297.29,298.36 1 0
github.com/denkhaus/templ-router/cmd/trgen/utils/utils.go:298.36,300.4 1 0
github.com/denkhaus/templ-router/cmd/trgen/utils/utils.go:303.2,303.26 1 0
github.com/denkhaus/templ-router/cmd/trgen/utils/utils.go:303.26,306.3 1 0
github.com/denkhaus/templ-router/cmd/trgen/utils/utils.go:309.2,310.41 2 0
github.com/denkhaus/templ-router/cmd/trgen/utils/utils.go:314.85,317.28 2 1
github.com/denkhaus/templ-router/cmd/trgen/utils/utils.go:317.28,319.3 1 1
github.com/denkhaus/templ-router/cmd/trgen/utils/utils.go:322.2,323.20 2 1
github.com/denkhaus/templ-router/cmd/trgen/utils/utils.go:323.20,327.3 2 1
github.com/denkhaus/templ-router/cmd/trgen/utils/utils.go:329.2,329.41 1 0
github.com/denkhaus/templ-router/pkg/shared/errors.go:74.35,75.21 1 0
github.com/denkhaus/templ-router/pkg/shared/errors.go:75.21,77.3 1 0
github.com/denkhaus/templ-router/pkg/shared/errors.go:78.2,78.49 1 0
github.com/denkhaus/templ-router/pkg/shared/errors.go:82.35,84.2 1 0
github.com/denkhaus/templ-router/pkg/shared/errors.go:87.71,94.2 1 0
github.com/denkhaus/templ-router/pkg/shared/errors.go:97.58,100.2 2 0
github.com/denkhaus/templ-router/pkg/shared/errors.go:103.53,106.2 2 0
github.com/denkhaus/templ-router/pkg/shared/errors.go:109.73,110.22 1 0
github.com/denkhaus/templ-router/pkg/shared/errors.go:110.22,112.3 1 0
github.com/denkhaus/templ-router/pkg/shared/errors.go:113.2,114.10 2 0
github.com/denkhaus/templ-router/pkg/shared/errors.go:120.70,122.22 2 0
github.com/denkhaus/templ-router/pkg/shared/errors.go:122.22,124.3 1 0
github.com/denkhaus/templ-router/pkg/shared/errors.go:125.2,125.12 1 0
github.com/denkhaus/templ-router/pkg/shared/errors.go:129.73,131.22 2 0
github.com/denkhaus/templ-router/pkg/shared/errors.go:131.22,133.3 1 0
github.com/denkhaus/templ-router/pkg/shared/errors.go:134.2,134.12 1 0
github.com/denkhaus/templ-router/pkg/shared/errors.go:138.67,140.22 2 0
github.com/denkhaus/templ-router/pkg/shared/errors.go:140.22,142.3 1 0
github.com/denkhaus/templ-router/pkg/shared/errors.go:143.2,143.12 1 0
github.com/denkhaus/templ-router/pkg/shared/errors.go:147.68,149.22 2 0
github.com/denkhaus/templ-router/pkg/shared/errors.go:149.22,151.3 1 0
github.com/denkhaus/templ-router/pkg/shared/errors.go:152.2,152.12 1 0
github.com/denkhaus/templ-router/pkg/shared/errors.go:156.65,158.22 2 0
github.com/denkhaus/templ-router/pkg/shared/errors.go:158.22,160.3 1 0
github.com/denkhaus/templ-router/pkg/shared/errors.go:161.2,161.12 1 0
github.com/denkhaus/templ-router/pkg/shared/errors.go:165.79,167.22 2 0
github.com/denkhaus/templ-router/pkg/shared/errors.go:167.22,169.3 1 0
github.com/denkhaus/templ-router/pkg/shared/errors.go:170.2,170.12 1 0
github.com/denkhaus/templ-router/pkg/shared/errors.go:174.80,176.2 1 0
github.com/denkhaus/templ-router/pkg/shared/errors.go:179.55,181.29 2 0
github.com/denkhaus/templ-router/pkg/shared/errors.go:181.29,183.3 1 0
github.com/denkhaus/templ-router/pkg/shared/errors.go:184.2,184.14 1 0
github.com/denkhaus/templ-router/pkg/shared/errors.go:188.37,190.29 2 0
github.com/denkhaus/templ-router/pkg/shared/errors.go:190.29,192.3 1 0
github.com/denkhaus/templ-router/pkg/shared/errors.go:193.2,193.24 1 0
github.com/denkhaus/templ-router/pkg/shared/shared.go:7.64,10.20 2 0
github.com/denkhaus/templ-router/pkg/shared/shared.go:10.20,15.3 3 0
github.com/denkhaus/templ-router/pkg/shared/shared.go:16.2,16.18 1 0
github.com/denkhaus/templ-router/pkg/shared/template_keys.go:14.54,16.2 1 1
github.com/denkhaus/templ-router/pkg/shared/template_keys.go:20.82,28.2 4 0
github.com/denkhaus/templ-router/pkg/shared/template_keys.go:31.79,34.46 2 0
github.com/denkhaus/templ-router/pkg/shared/template_keys.go:34.46,36.3 1 0
github.com/denkhaus/templ-router/pkg/shared/template_keys.go:39.2,40.43 2 0
github.com/denkhaus/templ-router/pkg/shared/template_keys.go:45.91,58.29 6 0
github.com/denkhaus/templ-router/pkg/shared/template_keys.go:58.29,59.20 1 0
github.com/denkhaus/templ-router/pkg/shared/template_keys.go:59.20,61.12 2 0
github.com/denkhaus/templ-router/pkg/shared/template_keys.go:63.3,63.16 1 0
github.com/denkhaus/templ-router/pkg/shared/template_keys.go:63.16,64.12 1 0
github.com/denkhaus/templ-router/pkg/shared/template_keys.go:68.3,68.35 1 0
github.com/denkhaus/templ-router/pkg/shared/template_keys.go:68.35,72.4 2 0
github.com/denkhaus/templ-router/pkg/shared/template_keys.go:72.9,74.4 1 0
github.com/denkhaus/templ-router/pkg/shared/template_keys.go:77.2,77.26 1 0
github.com/denkhaus/templ-router/pkg/shared/template_keys.go:77.26,79.3 1 0
github.com/denkhaus/templ-router/pkg/shared/template_keys.go:81.2,81.44 1 0
github.com/denkhaus/templ-router/pkg/shared/template_keys.go:88.54,90.2 1 0
github.com/denkhaus/templ-router/pkg/shared/template_keys.go:92.51,94.2 1 0
github.com/denkhaus/templ-router/pkg/shared/template_keys.go:96.63,98.2 1 0
github.com/denkhaus/templ-router/pkg/shared/yaml_parser.go:132.68,133.20 1 1
github.com/denkhaus/templ-router/pkg/shared/yaml_parser.go:133.20,135.3 1 0
github.com/denkhaus/templ-router/pkg/shared/yaml_parser.go:138.2,139.16 2 1
github.com/denkhaus/templ-router/pkg/shared/yaml_parser.go:139.16,141.3 1 0
github.com/denkhaus/templ-router/pkg/shared/yaml_parser.go:144.2,145.57 2 1
github.com/denkhaus/templ-router/pkg/shared/yaml_parser.go:145.57,147.3 1 0
github.com/denkhaus/templ-router/pkg/shared/yaml_parser.go:150.2,151.64 2 1
github.com/denkhaus/templ-router/pkg/shared/yaml_parser.go:151.64,153.3 1 1
github.com/denkhaus/templ-router/pkg/shared/yaml_parser.go:156.2,156.52 1 1
github.com/denkhaus/templ-router/pkg/shared/yaml_parser.go:156.52,158.3 1 0
github.com/denkhaus/templ-router/pkg/shared/yaml_parser.go:161.2,162.58 2 1
github.com/denkhaus/templ-router/pkg/shared/yaml_parser.go:162.58,164.3 1 0
github.com/denkhaus/templ-router/pkg/shared/yaml_parser.go:167.2,170.43 2 1
github.com/denkhaus/templ-router/pkg/shared/yaml_parser.go:170.43,172.3 1 1
github.com/denkhaus/templ-router/pkg/shared/yaml_parser.go:172.8,178.3 1 0
github.com/denkhaus/templ-router/pkg/shared/yaml_parser.go:180.2,180.31 1 1
github.com/denkhaus/templ-router/pkg/shared/yaml_parser.go:184.63,194.29 2 1
github.com/denkhaus/templ-router/pkg/shared/yaml_parser.go:194.29,195.24 1 1
github.com/denkhaus/templ-router/pkg/shared/yaml_parser.go:195.24,197.4 1 0
github.com/denkhaus/templ-router/pkg/shared/yaml_parser.go:200.2,200.12 1 1
github.com/denkhaus/templ-router/pkg/shared/yaml_parser.go:204.59,212.33 3 1
github.com/denkhaus/templ-router/pkg/shared/yaml_parser.go:213.35,215.65 2 0
github.com/denkhaus/templ-router/pkg/shared/yaml_parser.go:215.65,217.4 1 0
github.com/denkhaus/templ-router/pkg/shared/yaml_parser.go:218.30,219.14 1 1
github.com/denkhaus/templ-router/pkg/shared/yaml_parser.go:220.10,221.20 1 0
github.com/denkhaus/templ-router/pkg/shared/yaml_parser.go:225.2,225.51 1 1
github.com/denkhaus/templ-router/pkg/shared/yaml_parser.go:225.51,227.59 1 0
github.com/denkhaus/templ-router/pkg/shared/yaml_parser.go:227.59,228.36 1 0
github.com/denkhaus/templ-router/pkg/shared/yaml_parser.go:228.36,229.43 1 0
github.com/denkhaus/templ-router/pkg/shared/yaml_parser.go:229.43,231.6 1 0
github.com/denkhaus/templ-router/pkg/shared/yaml_parser.go:236.2,236.83 1 1
github.com/denkhaus/templ-router/pkg/shared/yaml_parser.go:236.83,238.75 1 0
github.com/denkhaus/templ-router/pkg/shared/yaml_parser.go:238.75,239.56 1 0
github.com/denkhaus/templ-router/pkg/shared/yaml_parser.go:239.56,240.37 1 0
github.com/denkhaus/templ-router/pkg/shared/yaml_parser.go:240.37,241.76 1 0
github.com/denkhaus/templ-router/pkg/shared/yaml_parser.go:241.76,246.7 1 0
github.com/denkhaus/templ-router/pkg/shared/yaml_parser.go:250.3,250.20 1 0
github.com/denkhaus/templ-router/pkg/shared/yaml_parser.go:254.2,255.27 2 1
github.com/denkhaus/templ-router/pkg/shared/yaml_parser.go:255.27,256.29 1 1
github.com/denkhaus/templ-router/pkg/shared/yaml_parser.go:256.29,258.9 2 1
github.com/denkhaus/templ-router/pkg/shared/yaml_parser.go:262.2,262.19 1 1
github.com/denkhaus/templ-router/pkg/shared/yaml_parser.go:262.19,264.47 1 1
github.com/denkhaus/templ-router/pkg/shared/yaml_parser.go:264.47,265.36 1 1
github.com/denkhaus/templ-router/pkg/shared/yaml_parser.go:265.36,266.75 1 1
github.com/denkhaus/templ-router/pkg/shared/yaml_parser.go:266.75,271.6 1 1
github.com/denkhaus/templ-router/pkg/shared/yaml_parser.go:274.8,277.33 2 1
github.com/denkhaus/templ-router/pkg/shared/yaml_parser.go:277.33,278.57 1 1
github.com/denkhaus/templ-router/pkg/shared/yaml_parser.go:278.57,280.10 2 1
github.com/denkhaus/templ-router/pkg/shared/yaml_parser.go:282.4,282.62 1 1
github.com/denkhaus/templ-router/pkg/shared/yaml_parser.go:282.62,284.10 2 0
github.com/denkhaus/templ-router/pkg/shared/yaml_parser.go:288.3,288.22 1 1
github.com/denkhaus/templ-router/pkg/shared/yaml_parser.go:288.22,290.36 1 1
github.com/denkhaus/templ-router/pkg/shared/yaml_parser.go:290.36,291.43 1 1
github.com/denkhaus/templ-router/pkg/shared/yaml_parser.go:291.43,293.6 1 1
github.com/denkhaus/templ-router/pkg/shared/yaml_parser.go:295.9,300.4 3 1
github.com/denkhaus/templ-router/pkg/shared/yaml_parser.go:303.2,303.19 1 1
github.com/denkhaus/templ-router/pkg/shared/yaml_parser.go:307.42,319.35 2 1
github.com/denkhaus/templ-router/pkg/shared/yaml_parser.go:319.35,320.20 1 1
github.com/denkhaus/templ-router/pkg/shared/yaml_parser.go:320.20,322.4 1 1
github.com/denkhaus/templ-router/pkg/shared/yaml_parser.go:326.2,326.38 1 1
github.com/denkhaus/templ-router/pkg/shared/yaml_parser.go:326.38,328.36 2 1
github.com/denkhaus/templ-router/pkg/shared/yaml_parser.go:328.36,329.25 1 1
github.com/denkhaus/templ-router/pkg/shared/yaml_parser.go:329.25,331.5 1 1
github.com/denkhaus/templ-router/pkg/shared/yaml_parser.go:335.2,335.14 1 1
github.com/denkhaus/templ-router/pkg/shared/yaml_parser.go:340.96,341.31 1 0
github.com/denkhaus/templ-router/pkg/shared/yaml_parser.go:341.31,343.10 2 0
github.com/denkhaus/templ-router/pkg/shared/yaml_parser.go:343.10,344.12 1 0
github.com/denkhaus/templ-router/pkg/shared/yaml_parser.go:347.3,348.19 2 0
github.com/denkhaus/templ-router/pkg/shared/yaml_parser.go:348.19,350.4 1 0
github.com/denkhaus/templ-router/pkg/shared/yaml_parser.go:352.3,352.28 1 0
github.com/denkhaus/templ-router/pkg/shared/yaml_parser.go:353.15,355.26 1 0
github.com/denkhaus/templ-router/pkg/shared/yaml_parser.go:356.36,358.41 1 0
github.com/denkhaus/templ-router/pkg/shared/yaml_parser.go:359.31,362.26 2 0
github.com/denkhaus/templ-router/pkg/shared/yaml_parser.go:362.26,364.5 1 0
github.com/denkhaus/templ-router/pkg/shared/yaml_parser.go:365.4,365.49 1 0
github.com/denkhaus/templ-router/pkg/shared/yaml_parser.go:372.101,373.31 1 1
github.com/denkhaus/templ-router/pkg/shared/yaml_parser.go:373.31,375.19 2 1
github.com/denkhaus/templ-router/pkg/shared/yaml_parser.go:375.19,377.4 1 1
github.com/denkhaus/templ-router/pkg/shared/yaml_parser.go:379.3,379.28 1 1
github.com/denkhaus/templ-router/pkg/shared/yaml_parser.go:380.15,382.26 1 1
github.com/denkhaus/templ-router/pkg/shared/yaml_parser.go:383.31,385.51 1 1
github.com/denkhaus/templ-router/pkg/shared/yaml_parser.go:386.36,389.26 2 0
github.com/denkhaus/templ-router/pkg/shared/yaml_parser.go:389.26,390.37 1 0
github.com/denkhaus/templ-router/pkg/shared/yaml_parser.go:390.37,392.6 1 0
github.com/denkhaus/templ-router/pkg/shared/yaml_parser.go:394.4,394.59 1 0
github.com/denkhaus/templ-router/pkg/shared/yaml_parser.go:400.68,401.27 1 1
github.com/denkhaus/templ-router/pkg/shared/yaml_parser.go:402.35,404.29 2 1
github.com/denkhaus/templ-router/pkg/shared/yaml_parser.go:404.29,405.38 1 1
github.com/denkhaus/templ-router/pkg/shared/yaml_parser.go:405.38,407.5 1 1
github.com/denkhaus/templ-router/pkg/shared/yaml_parser.go:409.3,409.16 1 1
github.com/denkhaus/templ-router/pkg/shared/yaml_parser.go:410.30,412.29 2 1
github.com/denkhaus/templ-router/pkg/shared/yaml_parser.go:412.29,414.4 1 1
github.com/denkhaus/templ-router/pkg/shared/yaml_parser.go:415.3,415.16 1 1
github.com/denkhaus/templ-router/pkg/shared/yaml_parser.go:416.21,418.26 2 0
github.com/denkhaus/templ-router/pkg/shared/yaml_parser.go:418.26,420.4 1 0
github.com/denkhaus/templ-router/pkg/shared/yaml_parser.go:421.3,421.16 1 0
github.com/denkhaus/templ-router/pkg/shared/yaml_parser.go:422.10,423.11 1 1
github.com/denkhaus/templ-router/pkg/shared/yaml_parser.go:431.59,432.20 1 1
github.com/denkhaus/templ-router/pkg/shared/yaml_parser.go:432.20,434.3 1 0
github.com/denkhaus/templ-router/pkg/shared/yaml_parser.go:435.2,435.29 1 1
github.com/denkhaus/templ-router/pkg/shared/yaml_parser.go:440.73,441.20 1 1
github.com/denkhaus/templ-router/pkg/shared/yaml_parser.go:441.20,443.3 1 0
github.com/denkhaus/templ-router/pkg/shared/yaml_parser.go:445.2,446.57 2 1
github.com/denkhaus/templ-router/pkg/shared/yaml_parser.go:446.57,450.3 3 1
github.com/denkhaus/templ-router/pkg/shared/yaml_parser.go:451.2,451.15 1 1
github.com/denkhaus/templ-router/pkg/shared/yaml_parser.go:456.54,457.24 1 0
github.com/denkhaus/templ-router/pkg/shared/yaml_parser.go:457.24,459.3 1 0
github.com/denkhaus/templ-router/pkg/shared/yaml_parser.go:462.2,465.29 2 0
github.com/denkhaus/templ-router/pkg/shared/yaml_parser.go:465.29,467.3 1 0
github.com/denkhaus/templ-router/pkg/shared/yaml_parser.go:468.2,468.35 1 0
github.com/denkhaus/templ-router/pkg/shared/yaml_parser.go:468.35,470.3 1 0
github.com/denkhaus/templ-router/pkg/shared/yaml_parser.go:471.2,471.35 1 0
github.com/denkhaus/templ-router/pkg/shared/yaml_parser.go:471.35,473.3 1 0
github.com/denkhaus/templ-router/pkg/shared/yaml_parser.go:474.2,474.30 1 0
github.com/denkhaus/templ-router/pkg/shared/yaml_parser.go:474.30,476.3 1 0
github.com/denkhaus/templ-router/pkg/shared/yaml_parser.go:477.2,477.31 1 0
github.com/denkhaus/templ-router/pkg/shared/yaml_parser.go:477.31,479.3 1 0
github.com/denkhaus/templ-router/pkg/shared/yaml_parser.go:482.2,482.45 1 0
github.com/denkhaus/templ-router/pkg/shared/yaml_parser.go:482.45,484.3 1 0
github.com/denkhaus/templ-router/pkg/shared/yaml_parser.go:486.2,486.15 1 0
github.com/denkhaus/templ-router/pkg/shared/yaml_parser.go:491.53,492.20 1 0
github.com/denkhaus/templ-router/pkg/shared/yaml_parser.go:492.20,494.3 1 0
github.com/denkhaus/templ-router/pkg/shared/yaml_parser.go:497.2,499.24 2 0
github.com/denkhaus/templ-router/pkg/shared/yaml_parser.go:499.24,501.3 1 0
github.com/denkhaus/templ-router/pkg/shared/yaml_parser.go:502.2,502.31 1 0
github.com/denkhaus/templ-router/pkg/shared/yaml_parser.go:502.31,504.3 1 0
github.com/denkhaus/templ-router/pkg/shared/yaml_parser.go:505.2,505.28 1 0
github.com/denkhaus/templ-router/pkg/shared/yaml_parser.go:505.28,507.3 1 0
github.com/denkhaus/templ-router/pkg/shared/yaml_parser.go:510.2,510.43 1 0
github.com/denkhaus/templ-router/pkg/shared/yaml_parser.go:510.43,512.3 1 0
github.com/denkhaus/templ-router/pkg/shared/yaml_parser.go:514.2,514.15 1 0
github.com/denkhaus/templ-router/pkg/shared/yaml_parser.go:519.55,520.22 1 0
github.com/denkhaus/templ-router/pkg/shared/yaml_parser.go:520.22,522.3 1 0
github.com/denkhaus/templ-router/pkg/shared/yaml_parser.go:524.2,526.30 2 0
github.com/denkhaus/templ-router/pkg/shared/yaml_parser.go:526.30,528.3 1 0
github.com/denkhaus/templ-router/pkg/shared/yaml_parser.go:531.2,531.45 1 0
github.com/denkhaus/templ-router/pkg/shared/yaml_parser.go:531.45,533.3 1 0
github.com/denkhaus/templ-router/pkg/shared/yaml_parser.go:535.2,535.15 1 0
github.com/denkhaus/templ-router/pkg/shared/yaml_parser.go:540.54,541.21 1 0
github.com/denkhaus/templ-router/pkg/shared/yaml_parser.go:541.21,543.3 1 0
github.com/denkhaus/templ-router/pkg/shared/yaml_parser.go:545.2,547.29 2 0
github.com/denkhaus/templ-router/pkg/shared/yaml_parser.go:547.29,549.3 1 0
github.com/denkhaus/templ-router/pkg/shared/yaml_parser.go:552.2,552.44 1 0
github.com/denkhaus/templ-router/pkg/shared/yaml_parser.go:552.44,554.3 1 0
github.com/denkhaus/templ-router/pkg/shared/yaml_parser.go:556.2,556.15 1 0
github.com/denkhaus/templ-router/pkg/shared/yaml_parser.go:561.56,562.23 1 0
github.com/denkhaus/templ-router/pkg/shared/yaml_parser.go:562.23,564.3 1 0
github.com/denkhaus/templ-router/pkg/shared/yaml_parser.go:566.2,569.31 2 0
github.com/denkhaus/templ-router/pkg/shared/yaml_parser.go:569.31,571.44 2 0
github.com/denkhaus/templ-router/pkg/shared/yaml_parser.go:571.44,576.26 5 0
github.com/denkhaus/templ-router/pkg/shared/yaml_parser.go:576.26,578.5 1 0
github.com/denkhaus/templ-router/pkg/shared/yaml_parser.go:579.4,579.27 1 0
github.com/denkhaus/templ-router/pkg/shared/yaml_parser.go:579.27,581.5 1 0
github.com/denkhaus/templ-router/pkg/shared/yaml_parser.go:584.4,584.42 1 0
github.com/denkhaus/templ-router/pkg/shared/yaml_parser.go:584.42,586.5 1 0
github.com/denkhaus/templ-router/pkg/shared/yaml_parser.go:588.4,588.25 1 0
github.com/denkhaus/templ-router/pkg/shared/yaml_parser.go:590.3,590.26 1 0
github.com/denkhaus/templ-router/pkg/shared/yaml_parser.go:594.2,594.46 1 0
github.com/denkhaus/templ-router/pkg/shared/yaml_parser.go:594.46,596.3 1 0
github.com/denkhaus/templ-router/pkg/shared/yaml_parser.go:598.2,598.15 1 0
github.com/denkhaus/templ-router/pkg/shared/yaml_parser.go:603.52,604.39 1 0
github.com/denkhaus/templ-router/pkg/shared/yaml_parser.go:604.39,606.3 1 0
github.com/denkhaus/templ-router/pkg/shared/yaml_parser.go:609.2,609.20 1 0
github.com/denkhaus/templ-router/pkg/shared/yaml_parser.go:609.20,614.3 1 0
github.com/denkhaus/templ-router/pkg/shared/yaml_parser.go:617.2,617.50 1 0
github.com/denkhaus/templ-router/pkg/shared/yaml_parser.go:617.50,619.3 1 0
github.com/denkhaus/templ-router/pkg/shared/yaml_parser.go:622.2,622.60 1 0
github.com/denkhaus/templ-router/pkg/shared/yaml_parser.go:622.60,623.42 1 0
github.com/denkhaus/templ-router/pkg/shared/yaml_parser.go:623.42,628.4 1 0
github.com/denkhaus/templ-router/pkg/shared/yaml_parser.go:631.3,631.53 1 0
github.com/denkhaus/templ-router/pkg/shared/yaml_parser.go:631.53,633.4 1 0
github.com/denkhaus/templ-router/pkg/shared/yaml_parser.go:639.56,640.43 1 0
github.com/denkhaus/templ-router/pkg/shared/yaml_parser.go:640.43,642.3 1 0
github.com/denkhaus/templ-router/pkg/shared/yaml_parser.go:645.2,645.24 1 0
github.com/denkhaus/templ-router/pkg/shared/yaml_parser.go:645.24,649.3 1 0
github.com/denkhaus/templ-router/pkg/shared/yaml_parser.go:652.2,652.32 1 0
github.com/denkhaus/templ-router/pkg/shared/yaml_parser.go:652.32,654.3 1 0
github.com/denkhaus/templ-router/pkg/shared/yaml_parser.go:655.2,655.38 1 0
github.com/denkhaus/templ-router/pkg/shared/yaml_parser.go:655.38,657.3 1 0
github.com/denkhaus/templ-router/pkg/shared/yaml_parser.go:658.2,658.38 1 0
github.com/denkhaus/templ-router/pkg/shared/yaml_parser.go:658.38,660.3 1 0
github.com/denkhaus/templ-router/pkg/shared/yaml_parser.go:661.2,661.33 1 0
github.com/denkhaus/templ-router/pkg/shared/yaml_parser.go:661.33,663.3 1 0
github.com/denkhaus/templ-router/pkg/shared/yaml_parser.go:664.2,664.34 1 0
github.com/denkhaus/templ-router/pkg/shared/yaml_parser.go:664.34,666.3 1 0
github.com/denkhaus/templ-router/pkg/shared/yaml_parser.go:669.2,669.48 1 0
github.com/denkhaus/templ-router/pkg/shared/yaml_parser.go:669.48,671.3 1 0
github.com/denkhaus/templ-router/pkg/shared/yaml_parser.go:675.71,689.2 11 0
github.com/denkhaus/templ-router/pkg/shared/yaml_parser.go:692.72,717.52 2 0
github.com/denkhaus/templ-router/pkg/shared/yaml_parser.go:717.52,719.3 1 0
github.com/denkhaus/templ-router/pkg/shared/yaml_parser.go:720.2,720.65 1 0
github.com/denkhaus/templ-router/pkg/shared/yaml_parser.go:720.65,722.3 1 0
github.com/denkhaus/templ-router/pkg/shared/yaml_parser.go:725.2,725.78 1 0
github.com/denkhaus/templ-router/pkg/shared/yaml_parser.go:725.78,726.41 1 0
github.com/denkhaus/templ-router/pkg/shared/yaml_parser.go:726.41,728.4 1 0
github.com/denkhaus/templ-router/pkg/shared/yaml_parser.go:732.2,732.71 1 0
github.com/denkhaus/templ-router/pkg/shared/yaml_parser.go:732.71,733.40 1 0
github.com/denkhaus/templ-router/pkg/shared/yaml_parser.go:733.40,735.4 1 0
github.com/denkhaus/templ-router/pkg/shared/yaml_parser.go:739.2,739.89 1 0
github.com/denkhaus/templ-router/pkg/shared/yaml_parser.go:739.89,740.53 1 0
github.com/denkhaus/templ-router/pkg/shared/yaml_parser.go:740.53,742.41 2 0
github.com/denkhaus/templ-router/pkg/shared/yaml_parser.go:742.41,744.5 1 0
github.com/denkhaus/templ-router/pkg/shared/yaml_parser.go:745.4,748.5 1 0
github.com/denkhaus/templ-router/pkg/shared/yaml_parser.go:753.2,753.76 1 0
github.com/denkhaus/templ-router/pkg/shared/yaml_parser.go:753.76,754.56 1 0
github.com/denkhaus/templ-router/pkg/shared/yaml_parser.go:754.56,756.4 1 0
github.com/denkhaus/templ-router/pkg/shared/yaml_parser.go:757.3,757.67 1 0
github.com/denkhaus/templ-router/pkg/shared/yaml_parser.go:757.67,759.4 1 0
github.com/denkhaus/templ-router/pkg/shared/yaml_parser.go:760.3,760.56 1 0
github.com/denkhaus/templ-router/pkg/shared/yaml_parser.go:760.56,762.4 1 0
github.com/denkhaus/templ-router/pkg/shared/yaml_parser.go:764.3,764.40 1 0
github.com/denkhaus/templ-router/pkg/shared/yaml_parser.go:764.40,765.64 1 0
github.com/denkhaus/templ-router/pkg/shared/yaml_parser.go:765.64,767.5 1 0
github.com/denkhaus/templ-router/pkg/shared/yaml_parser.go:772.2,772.80 1 0
github.com/denkhaus/templ-router/pkg/shared/yaml_parser.go:772.80,773.62 1 0
github.com/denkhaus/templ-router/pkg/shared/yaml_parser.go:773.62,775.4 1 0
github.com/denkhaus/templ-router/pkg/shared/yaml_parser.go:777.3,777.42 1 0
github.com/denkhaus/templ-router/pkg/shared/yaml_parser.go:777.42,778.25 1 0
github.com/denkhaus/templ-router/pkg/shared/yaml_parser.go:778.25,780.5 1 0
github.com/denkhaus/templ-router/pkg/shared/yaml_parser.go:785.2,785.78 1 0
github.com/denkhaus/templ-router/pkg/shared/yaml_parser.go:785.78,786.61 1 0
github.com/denkhaus/templ-router/pkg/shared/yaml_parser.go:786.61,788.4 1 0
github.com/denkhaus/templ-router/pkg/shared/yaml_parser.go:790.3,790.41 1 0
github.com/denkhaus/templ-router/pkg/shared/yaml_parser.go:790.41,791.25 1 0
github.com/denkhaus/templ-router/pkg/shared/yaml_parser.go:791.25,793.5 1 0
github.com/denkhaus/templ-router/pkg/shared/yaml_parser.go:798.2,798.82 1 0
github.com/denkhaus/templ-router/pkg/shared/yaml_parser.go:798.82,799.77 1 0
github.com/denkhaus/templ-router/pkg/shared/yaml_parser.go:799.77,800.46 1 0
github.com/denkhaus/templ-router/pkg/shared/yaml_parser.go:800.46,801.61 1 0
github.com/denkhaus/templ-router/pkg/shared/yaml_parser.go:801.61,806.54 2 0
github.com/denkhaus/templ-router/pkg/shared/yaml_parser.go:806.54,808.7 1 0
github.com/denkhaus/templ-router/pkg/shared/yaml_parser.go:809.6,809.56 1 0
github.com/denkhaus/templ-router/pkg/shared/yaml_parser.go:809.56,811.7 1 0
github.com/denkhaus/templ-router/pkg/shared/yaml_parser.go:812.6,812.56 1 0
github.com/denkhaus/templ-router/pkg/shared/yaml_parser.go:812.56,814.7 1 0
github.com/denkhaus/templ-router/pkg/shared/yaml_parser.go:815.6,815.52 1 0
github.com/denkhaus/templ-router/pkg/shared/yaml_parser.go:815.52,817.7 1 0
github.com/denkhaus/templ-router/pkg/shared/yaml_parser.go:819.6,819.38 1 0
github.com/denkhaus/templ-router/pkg/shared/yaml_parser.go:819.38,820.102 1 0
github.com/denkhaus/templ-router/pkg/shared/yaml_parser.go:820.102,822.8 1 0
github.com/denkhaus/templ-router/pkg/shared/yaml_parser.go:824.6,824.43 1 0
github.com/denkhaus/templ-router/pkg/shared/yaml_parser.go:829.3,829.43 1 0
github.com/denkhaus/templ-router/pkg/shared/yaml_parser.go:829.43,830.22 1 0
github.com/denkhaus/templ-router/pkg/shared/yaml_parser.go:830.22,832.5 1 0
github.com/denkhaus/templ-router/pkg/shared/yaml_parser.go:836.2,836.15 1 0
github.com/denkhaus/templ-router/pkg/router/i18n/i18n_advanced.go:10.84,14.43 2 0
github.com/denkhaus/templ-router/pkg/router/i18n/i18n_advanced.go:14.43,17.3 2 0
github.com/denkhaus/templ-router/pkg/router/i18n/i18n_advanced.go:19.2,19.20 1 0
github.com/denkhaus/templ-router/pkg/router/i18n/i18n_context.go:27.82,30.9 2 0
github.com/denkhaus/templ-router/pkg/router/i18n/i18n_context.go:30.9,32.3 1 0
github.com/denkhaus/templ-router/pkg/router/i18n/i18n_context.go:35.2,35.53 1 0
github.com/denkhaus/templ-router/pkg/router/i18n/i18n_context.go:35.53,37.3 1 0
github.com/denkhaus/templ-router/pkg/router/i18n/i18n_context.go:40.2,41.20 2 0
github.com/denkhaus/templ-router/pkg/router/i18n/i18n_context.go:41.20,43.3 1 0
github.com/denkhaus/templ-router/pkg/router/i18n/i18n_context.go:46.2,47.16 2 0
github.com/denkhaus/templ-router/pkg/router/i18n/i18n_context.go:47.16,49.3 1 0
github.com/denkhaus/templ-router/pkg/router/i18n/i18n_context.go:52.2,53.28 2 0
github.com/denkhaus/templ-router/pkg/router/i18n/i18n_context.go:53.28,54.68 1 0
github.com/denkhaus/templ-router/pkg/router/i18n/i18n_context.go:54.68,55.62 1 0
github.com/denkhaus/templ-router/pkg/router/i18n/i18n_context.go:55.62,57.5 1 0
github.com/denkhaus/templ-router/pkg/router/i18n/i18n_context.go:61.2,61.11 1 0
github.com/denkhaus/templ-router/pkg/router/i18n/i18n_context.go:65.57,67.47 1 0
github.com/denkhaus/templ-router/pkg/router/i18n/i18n_context.go:67.47,69.3 1 0
github.com/denkhaus/templ-router/pkg/router/i18n/i18n_context.go:70.2,70.37 1 0
github.com/denkhaus/templ-router/pkg/router/i18n/i18n_context.go:74.48,76.9 2 0
github.com/denkhaus/templ-router/pkg/router/i18n/i18n_context.go:76.9,79.3 1 0
github.com/denkhaus/templ-router/pkg/router/i18n/i18n_context.go:81.2,84.59 3 0
github.com/denkhaus/templ-router/pkg/router/i18n/i18n_context.go:84.59,91.3 2 0
github.com/denkhaus/templ-router/pkg/router/i18n/i18n_context.go:95.2,95.108 1 0
github.com/denkhaus/templ-router/pkg/router/i18n/i18n_context.go:95.108,97.3 1 0
github.com/denkhaus/templ-router/pkg/router/i18n/i18n_context.go:100.2,107.47 2 0
github.com/denkhaus/templ-router/pkg/router/i18n/i18n_context.go:111.51,113.9 2 1
github.com/denkhaus/templ-router/pkg/router/i18n/i18n_context.go:113.9,116.3 1 1
github.com/denkhaus/templ-router/pkg/router/i18n/i18n_context.go:117.2,117.15 1 1
github.com/denkhaus/templ-router/pkg/router/i18n/i18n_context.go:121.53,123.9 2 1
github.com/denkhaus/templ-router/pkg/router/i18n/i18n_context.go:123.9,126.3 1 1
github.com/denkhaus/templ-router/pkg/router/i18n/i18n_context.go:127.2,127.17 1 1
github.com/denkhaus/templ-router/pkg/router/i18n/i18n_context.go:131.53,133.9 2 0
github.com/denkhaus/templ-router/pkg/router/i18n/i18n_context.go:133.9,135.3 1 0
github.com/denkhaus/templ-router/pkg/router/i18n/i18n_context.go:137.2,141.37 4 0
github.com/denkhaus/templ-router/pkg/router/i18n/i18n_context.go:141.37,143.3 1 0
github.com/denkhaus/templ-router/pkg/router/i18n/i18n_context.go:145.2,145.13 1 0
github.com/denkhaus/templ-router/pkg/router/i18n/i18n_context.go:150.50,152.9 2 1
github.com/denkhaus/templ-router/pkg/router/i18n/i18n_context.go:152.9,154.3 1 1
github.com/denkhaus/templ-router/pkg/router/i18n/i18n_context.go:155.2,155.13 1 1
github.com/denkhaus/templ-router/pkg/router/i18n/i18n_context.go:160.73,162.41 1 1
github.com/denkhaus/templ-router/pkg/router/i18n/i18n_context.go:162.41,163.50 1 1
github.com/denkhaus/templ-router/pkg/router/i18n/i18n_context.go:163.50,164.12 1 1
github.com/denkhaus/templ-router/pkg/router/i18n/i18n_context.go:169.3,171.37 2 1
github.com/denkhaus/templ-router/pkg/router/i18n/i18n_context.go:171.37,172.25 1 1
github.com/denkhaus/templ-router/pkg/router/i18n/i18n_context.go:172.25,175.18 2 1
github.com/denkhaus/templ-router/pkg/router/i18n/i18n_context.go:175.18,178.6 1 1
github.com/denkhaus/templ-router/pkg/router/i18n/i18n_context.go:181.4,181.41 1 1
github.com/denkhaus/templ-router/pkg/router/i18n/i18n_context.go:181.41,183.4 1 1
github.com/denkhaus/templ-router/pkg/router/i18n/i18n_context.go:185.2,185.14 1 1
github.com/denkhaus/templ-router/pkg/router/i18n/i18n_context.go:191.52,197.47 3 1
github.com/denkhaus/templ-router/pkg/router/i18n/i18n_context.go:197.47,199.3 1 1
github.com/denkhaus/templ-router/pkg/router/i18n/i18n_context.go:202.2,202.49 1 1
github.com/denkhaus/templ-router/pkg/router/i18n/i18n_context.go:202.49,203.65 1 1
github.com/denkhaus/templ-router/pkg/router/i18n/i18n_context.go:203.65,205.4 1 0
github.com/denkhaus/templ-router/pkg/router/i18n/i18n_context.go:208.2,208.13 1 1
github.com/denkhaus/templ-router/pkg/router/i18n/i18n_context.go:214.63,216.20 2 1
github.com/denkhaus/templ-router/pkg/router/i18n/i18n_context.go:216.20,218.3 1 1
github.com/denkhaus/templ-router/pkg/router/i18n/i18n_context.go:221.2,222.9 2 1
github.com/denkhaus/templ-router/pkg/router/i18n/i18n_context.go:222.9,225.3 1 1
github.com/denkhaus/templ-router/pkg/router/i18n/i18n_context.go:228.2,228.47 1 1
github.com/denkhaus/templ-router/pkg/router/i18n/i18n_context.go:228.47,231.3 1 1
github.com/denkhaus/templ-router/pkg/router/i18n/i18n_context.go:234.2,237.43 2 1
github.com/denkhaus/templ-router/pkg/router/i18n/i18n_context.go:237.43,240.30 2 1
github.com/denkhaus/templ-router/pkg/router/i18n/i18n_context.go:240.30,242.4 1 1
github.com/denkhaus/templ-router/pkg/router/i18n/i18n_context.go:243.3,243.33 1 1
github.com/denkhaus/templ-router/pkg/router/i18n/i18n_context.go:247.2,247.17 1 0
github.com/denkhaus/templ-router/pkg/router/i18n/i18n_context.go:251.88,255.34 2 1
github.com/denkhaus/templ-router/pkg/router/i18n/i18n_context.go:255.34,258.3 1 1
github.com/denkhaus/templ-router/pkg/router/i18n/i18n_context.go:261.2,264.43 2 1
github.com/denkhaus/templ-router/pkg/router/i18n/i18n_context.go:264.43,267.30 2 1
github.com/denkhaus/templ-router/pkg/router/i18n/i18n_context.go:267.30,269.4 1 0
github.com/denkhaus/templ-router/pkg/router/i18n/i18n_context.go:270.3,270.33 1 1
github.com/denkhaus/templ-router/pkg/router/i18n/i18n_context.go:274.2,274.17 1 0
github.com/denkhaus/templ-router/pkg/router/i18n/i18n_yaml_parser.go:17.104,19.20 1 1
github.com/denkhaus/templ-router/pkg/router/i18n/i18n_yaml_parser.go:19.20,21.3 1 0
github.com/denkhaus/templ-router/pkg/router/i18n/i18n_yaml_parser.go:23.2,23.19 1 1
github.com/denkhaus/templ-router/pkg/router/i18n/i18n_yaml_parser.go:23.19,25.3 1 0
github.com/denkhaus/templ-router/pkg/router/i18n/i18n_yaml_parser.go:27.2,31.16 3 1
github.com/denkhaus/templ-router/pkg/router/i18n/i18n_yaml_parser.go:31.16,33.3 1 0
github.com/denkhaus/templ-router/pkg/router/i18n/i18n_yaml_parser.go:36.2,39.20 3 1
github.com/denkhaus/templ-router/pkg/router/i18n/i18n_yaml_parser.go:39.20,51.3 3 1
github.com/denkhaus/templ-router/pkg/router/i18n/i18n_yaml_parser.go:54.2,60.8 2 1
github.com/denkhaus/templ-router/pkg/router/i18n/i18n_yaml_parser.go:64.61,66.2 1 1
github.com/denkhaus/templ-router/pkg/router/i18n/utils.go:11.60,14.2 2 0
github.com/denkhaus/templ-router/pkg/router/i18n/utils.go:16.70,18.2 1 0
github.com/denkhaus/templ-router/pkg/router/i18n/utils.go:20.71,22.41 1 1
github.com/denkhaus/templ-router/pkg/router/i18n/utils.go:22.41,24.3 1 1
github.com/denkhaus/templ-router/pkg/router/i18n/utils.go:27.2,28.18 2 1
github.com/denkhaus/templ-router/pkg/router/i18n/utils.go:28.18,32.3 2 1
github.com/denkhaus/templ-router/pkg/router/i18n/utils.go:34.2,34.13 1 0
github.com/denkhaus/templ-router/pkg/interfaces/types.go:83.36,84.12 1 0
github.com/denkhaus/templ-router/pkg/interfaces/types.go:85.22,86.18 1 0
github.com/denkhaus/templ-router/pkg/interfaces/types.go:87.20,88.16 1 0
github.com/denkhaus/templ-router/pkg/interfaces/types.go:89.21,90.17 1 0
github.com/denkhaus/templ-router/pkg/interfaces/types.go:91.10,92.19 1 0
github.com/denkhaus/templ-router/pkg/router/middleware/auth_context_middleware.go:21.78,31.2 4 0
github.com/denkhaus/templ-router/pkg/router/middleware/auth_context_middleware.go:34.78,35.71 1 0
github.com/denkhaus/templ-router/pkg/router/middleware/auth_context_middleware.go:35.71,42.17 4 0
github.com/denkhaus/templ-router/pkg/router/middleware/auth_context_middleware.go:42.17,47.4 3 0
github.com/denkhaus/templ-router/pkg/router/middleware/auth_context_middleware.go:49.3,56.17 3 0
github.com/denkhaus/templ-router/pkg/router/middleware/auth_context_middleware.go:56.17,63.4 3 0
github.com/denkhaus/templ-router/pkg/router/middleware/auth_context_middleware.go:66.3,73.23 4 0
github.com/denkhaus/templ-router/pkg/router/middleware/auth_middleware.go:32.83,42.2 4 0
github.com/denkhaus/templ-router/pkg/router/middleware/auth_middleware.go:45.99,46.71 1 0
github.com/denkhaus/templ-router/pkg/router/middleware/auth_middleware.go:46.71,48.59 1 0
github.com/denkhaus/templ-router/pkg/router/middleware/auth_middleware.go:48.59,51.4 2 0
github.com/denkhaus/templ-router/pkg/router/middleware/auth_middleware.go:54.3,55.17 2 0
github.com/denkhaus/templ-router/pkg/router/middleware/auth_middleware.go:55.17,61.4 3 0
github.com/denkhaus/templ-router/pkg/router/middleware/auth_middleware.go:64.3,64.34 1 0
github.com/denkhaus/templ-router/pkg/router/middleware/auth_middleware.go:64.34,67.4 2 0
github.com/denkhaus/templ-router/pkg/router/middleware/auth_middleware.go:70.3,70.62 1 0
github.com/denkhaus/templ-router/pkg/router/middleware/auth_middleware.go:70.62,73.4 2 0
github.com/denkhaus/templ-router/pkg/router/middleware/auth_middleware.go:76.3,76.23 1 0
github.com/denkhaus/templ-router/pkg/router/middleware/auth_middleware.go:81.153,88.34 3 0
github.com/denkhaus/templ-router/pkg/router/middleware/auth_middleware.go:88.34,90.3 1 0
github.com/denkhaus/templ-router/pkg/router/middleware/auth_middleware.go:90.8,93.74 2 0
github.com/denkhaus/templ-router/pkg/router/middleware/auth_middleware.go:93.74,95.4 1 0
github.com/denkhaus/templ-router/pkg/router/middleware/auth_middleware.go:99.2,99.23 1 0
github.com/denkhaus/templ-router/pkg/router/middleware/auth_middleware.go:99.23,100.27 1 0
github.com/denkhaus/templ-router/pkg/router/middleware/auth_middleware.go:100.27,102.4 1 0
github.com/denkhaus/templ-router/pkg/router/middleware/auth_middleware.go:102.9,104.4 1 0
github.com/denkhaus/templ-router/pkg/router/middleware/auth_middleware.go:106.3,110.53 2 0
github.com/denkhaus/templ-router/pkg/router/middleware/auth_middleware.go:111.8,115.3 2 0
github.com/denkhaus/templ-router/pkg/router/middleware/auth_middleware.go:119.124,124.36 2 0
github.com/denkhaus/templ-router/pkg/router/middleware/auth_middleware.go:124.36,126.3 1 0
github.com/denkhaus/templ-router/pkg/router/middleware/auth_middleware.go:126.8,131.3 2 0
github.com/denkhaus/templ-router/pkg/router/middleware/dedicated_error_template_service.go:27.93,35.2 3 0
github.com/denkhaus/templ-router/pkg/router/middleware/dedicated_error_template_service.go:39.162,52.13 5 0
github.com/denkhaus/templ-router/pkg/router/middleware/dedicated_error_template_service.go:52.13,56.3 2 0
github.com/denkhaus/templ-router/pkg/router/middleware/dedicated_error_template_service.go:59.2,59.70 1 0
github.com/denkhaus/templ-router/pkg/router/middleware/dedicated_error_template_service.go:64.121,68.2 1 0
github.com/denkhaus/templ-router/pkg/router/middleware/dedicated_error_template_service.go:71.163,75.51 2 0
github.com/denkhaus/templ-router/pkg/router/middleware/dedicated_error_template_service.go:75.51,79.3 3 0
github.com/denkhaus/templ-router/pkg/router/middleware/dedicated_error_template_service.go:82.2,82.64 1 0
github.com/denkhaus/templ-router/pkg/router/middleware/dedicated_error_template_service.go:82.64,86.3 3 0
github.com/denkhaus/templ-router/pkg/router/middleware/dedicated_error_template_service.go:89.2,89.62 1 0
github.com/denkhaus/templ-router/pkg/router/middleware/dedicated_error_template_service.go:89.62,93.3 3 0
github.com/denkhaus/templ-router/pkg/router/middleware/dedicated_error_template_service.go:96.2,96.70 1 0
github.com/denkhaus/templ-router/pkg/router/middleware/dedicated_error_template_service.go:100.162,104.37 3 0
github.com/denkhaus/templ-router/pkg/router/middleware/dedicated_error_template_service.go:104.37,106.3 1 0
github.com/denkhaus/templ-router/pkg/router/middleware/dedicated_error_template_service.go:109.2,111.27 2 0
github.com/denkhaus/templ-router/pkg/router/middleware/dedicated_error_template_service.go:111.27,114.3 1 0
github.com/denkhaus/templ-router/pkg/router/middleware/dedicated_error_template_service.go:114.8,114.34 1 0
github.com/denkhaus/templ-router/pkg/router/middleware/dedicated_error_template_service.go:114.34,117.3 1 0
github.com/denkhaus/templ-router/pkg/router/middleware/dedicated_error_template_service.go:117.8,119.3 1 0
github.com/denkhaus/templ-router/pkg/router/middleware/dedicated_error_template_service.go:122.2,123.23 2 0
github.com/denkhaus/templ-router/pkg/router/middleware/dedicated_error_template_service.go:123.23,125.3 1 0
github.com/denkhaus/templ-router/pkg/router/middleware/dedicated_error_template_service.go:128.2,129.9 2 0
github.com/denkhaus/templ-router/pkg/router/middleware/dedicated_error_template_service.go:129.9,131.3 1 0
github.com/denkhaus/templ-router/pkg/router/middleware/dedicated_error_template_service.go:133.2,134.23 2 0
github.com/denkhaus/templ-router/pkg/router/middleware/dedicated_error_template_service.go:138.119,141.2 2 0
github.com/denkhaus/templ-router/pkg/router/middleware/error_renderer.go:20.40,22.16 2 0
github.com/denkhaus/templ-router/pkg/router/middleware/error_renderer.go:22.16,25.3 1 0
github.com/denkhaus/templ-router/pkg/router/middleware/error_renderer.go:26.2,26.39 1 0
github.com/denkhaus/templ-router/pkg/router/middleware/error_renderer.go:41.81,42.57 1 0
github.com/denkhaus/templ-router/pkg/router/middleware/error_renderer.go:42.57,46.3 2 0
github.com/denkhaus/templ-router/pkg/router/middleware/error_renderer.go:49.2,49.46 1 0
github.com/denkhaus/templ-router/pkg/router/middleware/error_renderer.go:53.123,64.2 3 0
github.com/denkhaus/templ-router/pkg/router/middleware/error_service_core.go:22.74,24.16 2 0
github.com/denkhaus/templ-router/pkg/router/middleware/error_service_core.go:24.16,26.3 1 0
github.com/denkhaus/templ-router/pkg/router/middleware/error_service_core.go:28.2,41.8 5 0
github.com/denkhaus/templ-router/pkg/router/middleware/error_service_core.go:45.94,47.2 1 0
github.com/denkhaus/templ-router/pkg/router/middleware/error_service_core.go:50.89,58.26 3 0
github.com/denkhaus/templ-router/pkg/router/middleware/error_service_core.go:58.26,66.23 3 0
github.com/denkhaus/templ-router/pkg/router/middleware/error_service_core.go:66.23,68.4 1 0
github.com/denkhaus/templ-router/pkg/router/middleware/error_service_core.go:72.2,75.69 2 0
github.com/denkhaus/templ-router/pkg/router/middleware/error_service_core.go:79.132,89.72 2 0
github.com/denkhaus/templ-router/pkg/router/middleware/error_service_core.go:89.72,93.3 2 0
github.com/denkhaus/templ-router/pkg/router/middleware/error_service_core.go:96.2,104.16 3 0
github.com/denkhaus/templ-router/pkg/router/middleware/error_service_core.go:104.16,109.3 2 0
github.com/denkhaus/templ-router/pkg/router/middleware/error_service_core.go:111.2,115.18 2 0
github.com/denkhaus/templ-router/pkg/router/middleware/error_template_resolver.go:25.77,35.2 4 0
github.com/denkhaus/templ-router/pkg/router/middleware/error_template_resolver.go:39.103,49.47 4 0
github.com/denkhaus/templ-router/pkg/router/middleware/error_template_resolver.go:49.47,50.54 1 0
github.com/denkhaus/templ-router/pkg/router/middleware/error_template_resolver.go:50.54,60.4 2 0
github.com/denkhaus/templ-router/pkg/router/middleware/error_template_resolver.go:63.2,64.12 2 0
github.com/denkhaus/templ-router/pkg/router/middleware/error_template_resolver.go:69.107,79.42 4 0
github.com/denkhaus/templ-router/pkg/router/middleware/error_template_resolver.go:79.42,82.13 2 0
github.com/denkhaus/templ-router/pkg/router/middleware/error_template_resolver.go:82.13,85.4 1 0
github.com/denkhaus/templ-router/pkg/router/middleware/error_template_resolver.go:85.9,89.4 2 0
github.com/denkhaus/templ-router/pkg/router/middleware/error_template_resolver.go:91.3,91.49 1 0
github.com/denkhaus/templ-router/pkg/router/middleware/error_template_resolver.go:94.2,98.19 2 0
github.com/denkhaus/templ-router/pkg/router/middleware/error_template_resolver.go:102.89,109.32 3 0
github.com/denkhaus/templ-router/pkg/router/middleware/error_template_resolver.go:109.32,111.3 1 0
github.com/denkhaus/templ-router/pkg/router/middleware/error_template_resolver.go:115.2,116.22 2 0
github.com/denkhaus/templ-router/pkg/router/middleware/error_template_resolver.go:120.89,127.35 3 0
github.com/denkhaus/templ-router/pkg/router/middleware/error_template_resolver.go:127.35,128.18 1 0
github.com/denkhaus/templ-router/pkg/router/middleware/error_template_resolver.go:129.14,130.14 1 0
github.com/denkhaus/templ-router/pkg/router/middleware/error_template_resolver.go:131.14,132.14 1 0
github.com/denkhaus/templ-router/pkg/router/middleware/error_template_resolver.go:133.14,134.14 1 0
github.com/denkhaus/templ-router/pkg/router/middleware/error_template_resolver.go:135.14,136.14 1 0
github.com/denkhaus/templ-router/pkg/router/middleware/error_template_resolver.go:141.2,141.12 1 0
github.com/denkhaus/templ-router/pkg/router/middleware/filesystem_checker.go:19.90,24.2 2 0
github.com/denkhaus/templ-router/pkg/router/middleware/filesystem_checker.go:27.71,28.16 1 0
github.com/denkhaus/templ-router/pkg/router/middleware/filesystem_checker.go:28.16,30.3 1 0
github.com/denkhaus/templ-router/pkg/router/middleware/filesystem_checker.go:32.2,33.16 2 0
github.com/denkhaus/templ-router/pkg/router/middleware/filesystem_checker.go:33.16,38.3 2 0
github.com/denkhaus/templ-router/pkg/router/middleware/filesystem_checker.go:40.2,46.15 3 0
github.com/denkhaus/templ-router/pkg/router/middleware/filesystem_checker.go:50.72,51.16 1 0
github.com/denkhaus/templ-router/pkg/router/middleware/filesystem_checker.go:51.16,53.3 1 0
github.com/denkhaus/templ-router/pkg/router/middleware/filesystem_checker.go:55.2,56.16 2 0
github.com/denkhaus/templ-router/pkg/router/middleware/filesystem_checker.go:56.16,61.3 2 0
github.com/denkhaus/templ-router/pkg/router/middleware/filesystem_checker.go:63.2,68.14 3 0
github.com/denkhaus/templ-router/pkg/router/middleware/filesystem_checker.go:72.130,73.16 1 0
github.com/denkhaus/templ-router/pkg/router/middleware/filesystem_checker.go:73.16,75.3 1 0
github.com/denkhaus/templ-router/pkg/router/middleware/filesystem_checker.go:77.2,79.82 2 0
github.com/denkhaus/templ-router/pkg/router/middleware/filesystem_checker.go:79.82,80.17 1 0
github.com/denkhaus/templ-router/pkg/router/middleware/filesystem_checker.go:80.17,85.4 2 0
github.com/denkhaus/templ-router/pkg/router/middleware/filesystem_checker.go:87.3,92.34 3 0
github.com/denkhaus/templ-router/pkg/router/middleware/i18n_middleware.go:41.83,49.2 3 0
github.com/denkhaus/templ-router/pkg/router/middleware/i18n_middleware.go:52.60,56.2 2 0
github.com/denkhaus/templ-router/pkg/router/middleware/i18n_middleware.go:59.61,61.45 2 0
github.com/denkhaus/templ-router/pkg/router/middleware/i18n_middleware.go:61.45,62.26 1 0
github.com/denkhaus/templ-router/pkg/router/middleware/i18n_middleware.go:62.26,64.4 1 0
github.com/denkhaus/templ-router/pkg/router/middleware/i18n_middleware.go:66.2,66.14 1 0
github.com/denkhaus/templ-router/pkg/router/middleware/i18n_middleware.go:70.96,73.16 2 0
github.com/denkhaus/templ-router/pkg/router/middleware/i18n_middleware.go:73.16,78.3 3 0
github.com/denkhaus/templ-router/pkg/router/middleware/i18n_middleware.go:81.2,99.46 4 0
github.com/denkhaus/templ-router/pkg/router/middleware/i18n_middleware.go:99.46,100.54 1 0
github.com/denkhaus/templ-router/pkg/router/middleware/i18n_middleware.go:100.54,102.4 1 0
github.com/denkhaus/templ-router/pkg/router/middleware/i18n_middleware.go:102.9,109.4 1 0
github.com/denkhaus/templ-router/pkg/router/middleware/i18n_middleware.go:112.2,122.46 4 0
github.com/denkhaus/templ-router/pkg/router/middleware/i18n_middleware.go:122.46,128.3 2 0
github.com/denkhaus/templ-router/pkg/router/middleware/i18n_middleware.go:130.2,132.54 1 0
github.com/denkhaus/templ-router/pkg/router/middleware/i18n_middleware.go:136.87,137.71 1 0
github.com/denkhaus/templ-router/pkg/router/middleware/i18n_middleware.go:137.71,142.65 2 0
github.com/denkhaus/templ-router/pkg/router/middleware/i18n_middleware.go:142.65,151.4 3 0
github.com/denkhaus/templ-router/pkg/router/middleware/i18n_middleware.go:153.3,166.40 5 0
github.com/denkhaus/templ-router/pkg/router/middleware/layout_service.go:25.72,36.2 5 0
github.com/denkhaus/templ-router/pkg/router/middleware/layout_service.go:39.100,52.6 7 0
github.com/denkhaus/templ-router/pkg/router/middleware/layout_service.go:52.6,60.50 3 0
github.com/denkhaus/templ-router/pkg/router/middleware/layout_service.go:60.50,74.4 3 0
github.com/denkhaus/templ-router/pkg/router/middleware/layout_service.go:77.3,78.62 2 0
github.com/denkhaus/templ-router/pkg/router/middleware/layout_service.go:78.62,84.4 2 0
github.com/denkhaus/templ-router/pkg/router/middleware/layout_service.go:86.3,90.23 3 0
github.com/denkhaus/templ-router/pkg/router/middleware/layout_service.go:90.23,95.4 2 0
github.com/denkhaus/templ-router/pkg/router/middleware/layout_service.go:100.142,104.27 2 0
github.com/denkhaus/templ-router/pkg/router/middleware/layout_service.go:104.27,106.17 2 0
github.com/denkhaus/templ-router/pkg/router/middleware/layout_service.go:106.17,107.23 1 0
github.com/denkhaus/templ-router/pkg/router/middleware/layout_service.go:107.23,112.5 1 0
github.com/denkhaus/templ-router/pkg/router/middleware/layout_service.go:113.9,116.84 1 0
github.com/denkhaus/templ-router/pkg/router/middleware/layout_service.go:116.84,117.70 1 0
github.com/denkhaus/templ-router/pkg/router/middleware/layout_service.go:117.70,125.48 5 0
github.com/denkhaus/templ-router/pkg/router/middleware/layout_service.go:125.48,126.90 1 0
github.com/denkhaus/templ-router/pkg/router/middleware/layout_service.go:126.90,127.57 1 0
github.com/denkhaus/templ-router/pkg/router/middleware/layout_service.go:127.57,128.47 1 0
github.com/denkhaus/templ-router/pkg/router/middleware/layout_service.go:128.47,130.10 1 0
github.com/denkhaus/templ-router/pkg/router/middleware/layout_service.go:134.6,134.48 1 0
github.com/denkhaus/templ-router/pkg/router/middleware/layout_service.go:134.48,135.90 1 0
github.com/denkhaus/templ-router/pkg/router/middleware/layout_service.go:135.90,136.57 1 0
github.com/denkhaus/templ-router/pkg/router/middleware/layout_service.go:136.57,137.47 1 0
github.com/denkhaus/templ-router/pkg/router/middleware/layout_service.go:137.47,139.10 1 0
github.com/denkhaus/templ-router/pkg/router/middleware/layout_service.go:144.6,147.47 1 0
github.com/denkhaus/templ-router/pkg/router/middleware/layout_service.go:148.11,154.6 2 0
github.com/denkhaus/templ-router/pkg/router/middleware/layout_service.go:155.10,161.5 2 0
github.com/denkhaus/templ-router/pkg/router/middleware/layout_service.go:166.2,172.3 1 0
github.com/denkhaus/templ-router/pkg/router/middleware/layout_service.go:185.83,189.26 2 0
github.com/denkhaus/templ-router/pkg/router/middleware/layout_service.go:189.26,194.17 3 0
github.com/denkhaus/templ-router/pkg/router/middleware/layout_service.go:194.17,198.4 1 0
github.com/denkhaus/templ-router/pkg/router/middleware/layout_service.go:198.9,201.4 2 0
github.com/denkhaus/templ-router/pkg/router/middleware/layout_service.go:206.2,206.56 1 0
github.com/denkhaus/templ-router/pkg/router/middleware/layout_service.go:210.87,217.34 2 0
github.com/denkhaus/templ-router/pkg/router/middleware/layout_service.go:217.34,227.50 3 0
github.com/denkhaus/templ-router/pkg/router/middleware/layout_service.go:227.50,229.4 1 0
github.com/denkhaus/templ-router/pkg/router/middleware/layout_service.go:233.2,233.30 1 0
github.com/denkhaus/templ-router/pkg/router/middleware/layout_service.go:233.30,239.52 2 0
github.com/denkhaus/templ-router/pkg/router/middleware/layout_service.go:239.52,241.4 1 0
github.com/denkhaus/templ-router/pkg/router/middleware/layout_service.go:243.3,243.68 1 0
github.com/denkhaus/templ-router/pkg/router/middleware/layout_service.go:243.68,248.48 2 0
github.com/denkhaus/templ-router/pkg/router/middleware/layout_service.go:248.48,250.5 1 0
github.com/denkhaus/templ-router/pkg/router/middleware/layout_service.go:255.2,255.30 1 0
github.com/denkhaus/templ-router/pkg/router/middleware/layout_service.go:255.30,263.48 3 0
github.com/denkhaus/templ-router/pkg/router/middleware/layout_service.go:263.48,265.4 1 0
github.com/denkhaus/templ-router/pkg/router/middleware/layout_service.go:269.2,269.32 1 0
github.com/denkhaus/templ-router/pkg/router/middleware/layout_service.go:269.32,274.50 2 0
github.com/denkhaus/templ-router/pkg/router/middleware/layout_service.go:274.50,276.4 1 0
github.com/denkhaus/templ-router/pkg/router/middleware/layout_service.go:280.2,280.31 1 0
github.com/denkhaus/templ-router/pkg/router/middleware/layout_service.go:280.31,285.49 2 0
github.com/denkhaus/templ-router/pkg/router/middleware/layout_service.go:285.49,287.4 1 0
github.com/denkhaus/templ-router/pkg/router/middleware/layout_service.go:291.2,291.33 1 0
github.com/denkhaus/templ-router/pkg/router/middleware/layout_service.go:291.33,296.48 2 0
github.com/denkhaus/templ-router/pkg/router/middleware/layout_service.go:296.48,305.35 2 0
github.com/denkhaus/templ-router/pkg/router/middleware/layout_service.go:305.35,307.5 1 0
github.com/denkhaus/templ-router/pkg/router/middleware/layout_service.go:309.3,309.51 1 0
github.com/denkhaus/templ-router/pkg/router/middleware/layout_service.go:309.51,311.4 1 0
github.com/denkhaus/templ-router/pkg/router/middleware/layout_service.go:315.2,319.32 3 0
github.com/denkhaus/templ-router/pkg/router/middleware/layout_service.go:319.32,327.50 3 0
github.com/denkhaus/templ-router/pkg/router/middleware/layout_service.go:327.50,329.4 1 0
github.com/denkhaus/templ-router/pkg/router/middleware/layout_service.go:333.2,333.34 1 0
github.com/denkhaus/templ-router/pkg/router/middleware/layout_service.go:333.34,338.52 2 0
github.com/denkhaus/templ-router/pkg/router/middleware/layout_service.go:338.52,340.4 1 0
github.com/denkhaus/templ-router/pkg/router/middleware/layout_service.go:344.2,344.33 1 0
github.com/denkhaus/templ-router/pkg/router/middleware/layout_service.go:344.33,349.51 2 0
github.com/denkhaus/templ-router/pkg/router/middleware/layout_service.go:349.51,351.4 1 0
github.com/denkhaus/templ-router/pkg/router/middleware/layout_service.go:355.2,355.35 1 0
github.com/denkhaus/templ-router/pkg/router/middleware/layout_service.go:355.35,360.50 2 0
github.com/denkhaus/templ-router/pkg/router/middleware/layout_service.go:360.50,369.35 2 0
github.com/denkhaus/templ-router/pkg/router/middleware/layout_service.go:369.35,371.5 1 0
github.com/denkhaus/templ-router/pkg/router/middleware/layout_service.go:373.3,373.53 1 0
github.com/denkhaus/templ-router/pkg/router/middleware/layout_service.go:373.53,375.4 1 0
github.com/denkhaus/templ-router/pkg/router/middleware/layout_service.go:378.2,378.15 1 0
github.com/denkhaus/templ-router/pkg/router/middleware/parameter_extractor.go:47.83,80.2 4 0
github.com/denkhaus/templ-router/pkg/router/middleware/parameter_extractor.go:83.120,88.21 3 0
github.com/denkhaus/templ-router/pkg/router/middleware/parameter_extractor.go:88.21,90.3 1 0
github.com/denkhaus/templ-router/pkg/router/middleware/parameter_extractor.go:92.2,101.21 3 0
github.com/denkhaus/templ-router/pkg/router/middleware/parameter_extractor.go:101.21,102.74 1 0
github.com/denkhaus/templ-router/pkg/router/middleware/parameter_extractor.go:102.74,104.4 1 0
github.com/denkhaus/templ-router/pkg/router/middleware/parameter_extractor.go:108.2,108.54 1 0
github.com/denkhaus/templ-router/pkg/router/middleware/parameter_extractor.go:108.54,109.78 1 0
github.com/denkhaus/templ-router/pkg/router/middleware/parameter_extractor.go:109.78,111.4 1 0
github.com/denkhaus/templ-router/pkg/router/middleware/parameter_extractor.go:114.2,118.15 2 0
github.com/denkhaus/templ-router/pkg/router/middleware/parameter_extractor.go:122.132,127.17 3 0
github.com/denkhaus/templ-router/pkg/router/middleware/parameter_extractor.go:127.17,128.43 1 0
github.com/denkhaus/templ-router/pkg/router/middleware/parameter_extractor.go:128.43,129.38 1 0
github.com/denkhaus/templ-router/pkg/router/middleware/parameter_extractor.go:129.38,131.20 2 0
github.com/denkhaus/templ-router/pkg/router/middleware/parameter_extractor.go:131.20,137.6 2 0
github.com/denkhaus/templ-router/pkg/router/middleware/parameter_extractor.go:143.2,144.21 2 0
github.com/denkhaus/templ-router/pkg/router/middleware/parameter_extractor.go:144.21,146.28 2 0
github.com/denkhaus/templ-router/pkg/router/middleware/parameter_extractor.go:146.28,149.39 2 0
github.com/denkhaus/templ-router/pkg/router/middleware/parameter_extractor.go:149.39,154.5 2 0
github.com/denkhaus/templ-router/pkg/router/middleware/parameter_extractor.go:158.2,163.15 2 0
github.com/denkhaus/templ-router/pkg/router/middleware/parameter_extractor.go:167.78,169.30 1 0
github.com/denkhaus/templ-router/pkg/router/middleware/parameter_extractor.go:169.30,172.3 2 0
github.com/denkhaus/templ-router/pkg/router/middleware/parameter_extractor.go:175.2,176.41 2 0
github.com/denkhaus/templ-router/pkg/router/middleware/parameter_extractor.go:176.41,177.22 1 0
github.com/denkhaus/templ-router/pkg/router/middleware/parameter_extractor.go:177.22,179.4 1 0
github.com/denkhaus/templ-router/pkg/router/middleware/parameter_extractor.go:181.2,181.14 1 0
github.com/denkhaus/templ-router/pkg/router/middleware/parameter_extractor.go:185.135,186.43 1 0
github.com/denkhaus/templ-router/pkg/router/middleware/parameter_extractor.go:186.43,191.3 2 0
github.com/denkhaus/templ-router/pkg/router/middleware/parameter_extractor.go:193.2,193.60 1 0
github.com/denkhaus/templ-router/pkg/router/middleware/parameter_extractor.go:193.60,194.35 1 0
github.com/denkhaus/templ-router/pkg/router/middleware/parameter_extractor.go:194.35,196.93 1 0
github.com/denkhaus/templ-router/pkg/router/middleware/parameter_extractor.go:196.93,202.5 2 0
github.com/denkhaus/templ-router/pkg/router/middleware/parameter_extractor.go:202.10,202.22 1 0
github.com/denkhaus/templ-router/pkg/router/middleware/parameter_extractor.go:202.22,209.5 2 0
github.com/denkhaus/templ-router/pkg/router/middleware/parameter_extractor.go:215.91,218.2 1 0
github.com/denkhaus/templ-router/pkg/router/middleware/router_context.go:24.88,34.2 2 0
github.com/denkhaus/templ-router/pkg/router/middleware/router_context.go:37.52,39.2 1 0
github.com/denkhaus/templ-router/pkg/router/middleware/router_context.go:42.57,43.25 1 0
github.com/denkhaus/templ-router/pkg/router/middleware/router_context.go:43.25,45.3 1 0
github.com/denkhaus/templ-router/pkg/router/middleware/router_context.go:46.2,46.26 1 0
github.com/denkhaus/templ-router/pkg/router/middleware/router_context.go:50.62,51.25 1 0
github.com/denkhaus/templ-router/pkg/router/middleware/router_context.go:51.25,53.3 1 0
github.com/denkhaus/templ-router/pkg/router/middleware/router_context.go:55.2,56.33 2 0
github.com/denkhaus/templ-router/pkg/router/middleware/router_context.go:56.33,58.3 1 0
github.com/denkhaus/templ-router/pkg/router/middleware/router_context.go:59.2,59.15 1 0
github.com/denkhaus/templ-router/pkg/router/middleware/router_context.go:63.59,64.27 1 0
github.com/denkhaus/templ-router/pkg/router/middleware/router_context.go:64.27,66.3 1 0
github.com/denkhaus/templ-router/pkg/router/middleware/router_context.go:67.2,67.32 1 0
github.com/denkhaus/templ-router/pkg/router/middleware/router_context.go:71.62,72.27 1 0
github.com/denkhaus/templ-router/pkg/router/middleware/router_context.go:72.27,74.3 1 0
github.com/denkhaus/templ-router/pkg/router/middleware/router_context.go:75.2,75.28 1 0
github.com/denkhaus/templ-router/pkg/router/middleware/router_context.go:79.57,80.27 1 0
github.com/denkhaus/templ-router/pkg/router/middleware/router_context.go:80.27,82.3 1 0
github.com/denkhaus/templ-router/pkg/router/middleware/router_context.go:84.2,85.35 2 0
github.com/denkhaus/templ-router/pkg/router/middleware/router_context.go:85.35,88.3 2 0
github.com/denkhaus/templ-router/pkg/router/middleware/router_context.go:89.2,89.15 1 0
github.com/denkhaus/templ-router/pkg/router/middleware/router_context.go:93.50,95.2 1 0
github.com/denkhaus/templ-router/pkg/router/middleware/router_context.go:98.52,100.2 1 0
github.com/denkhaus/templ-router/pkg/router/middleware/router_context.go:103.62,104.19 1 0
github.com/denkhaus/templ-router/pkg/router/middleware/router_context.go:104.19,106.3 1 0
github.com/denkhaus/templ-router/pkg/router/middleware/router_context.go:108.2,109.44 2 0
github.com/denkhaus/templ-router/pkg/router/middleware/router_context.go:109.44,110.39 1 0
github.com/denkhaus/templ-router/pkg/router/middleware/router_context.go:110.39,112.19 2 0
github.com/denkhaus/templ-router/pkg/router/middleware/router_context.go:112.19,114.5 1 0
github.com/denkhaus/templ-router/pkg/router/middleware/router_context.go:117.2,117.15 1 0
github.com/denkhaus/templ-router/pkg/router/middleware/router_middleware.go:18.87,26.2 3 1
github.com/denkhaus/templ-router/pkg/router/middleware/router_middleware.go:29.65,33.53 2 1
github.com/denkhaus/templ-router/pkg/router/middleware/router_middleware.go:33.53,36.3 2 1
github.com/denkhaus/templ-router/pkg/router/middleware/router_middleware.go:39.2,39.53 1 1
github.com/denkhaus/templ-router/pkg/router/middleware/router_middleware.go:39.53,42.3 2 1
github.com/denkhaus/templ-router/pkg/router/middleware/router_middleware.go:44.2,45.12 2 1
github.com/denkhaus/templ-router/pkg/router/middleware/template_middleware.go:39.91,61.2 10 0
github.com/denkhaus/templ-router/pkg/router/middleware/template_middleware.go:64.101,65.71 1 0
github.com/denkhaus/templ-router/pkg/router/middleware/template_middleware.go:65.71,80.24 7 0
github.com/denkhaus/templ-router/pkg/router/middleware/template_middleware.go:80.24,85.4 2 0
github.com/denkhaus/templ-router/pkg/router/middleware/template_middleware.go:89.3,104.17 6 0
github.com/denkhaus/templ-router/pkg/router/middleware/template_middleware.go:104.17,112.4 2 0
github.com/denkhaus/templ-router/pkg/router/middleware/template_middleware.go:115.3,118.24 2 0
github.com/denkhaus/templ-router/pkg/router/middleware/template_middleware.go:118.24,119.91 1 0
github.com/denkhaus/templ-router/pkg/router/middleware/template_middleware.go:119.91,125.5 2 0
github.com/denkhaus/templ-router/pkg/router/middleware/template_middleware.go:126.9,131.4 1 0
github.com/denkhaus/templ-router/pkg/router/middleware/template_middleware.go:134.3,134.23 1 0
github.com/denkhaus/templ-router/pkg/router/middleware/template_middleware.go:134.23,136.51 2 0
github.com/denkhaus/templ-router/pkg/router/middleware/template_middleware.go:136.51,141.5 2 0
github.com/denkhaus/templ-router/pkg/router/middleware/template_middleware.go:142.9,144.4 1 0
github.com/denkhaus/templ-router/pkg/router/middleware/template_middleware.go:149.93,161.2 8 0
github.com/denkhaus/templ-router/pkg/router/middleware/template_middleware.go:165.127,168.16 2 0
github.com/denkhaus/templ-router/pkg/router/middleware/template_middleware.go:168.16,173.3 2 0
github.com/denkhaus/templ-router/pkg/router/middleware/template_middleware.go:175.2,192.72 5 0
github.com/denkhaus/templ-router/pkg/router/middleware/template_middleware.go:192.72,195.3 2 0
github.com/denkhaus/templ-router/pkg/router/middleware/template_middleware.go:197.2,203.12 2 0
github.com/denkhaus/templ-router/pkg/router/middleware/template_middleware.go:207.111,210.2 1 0
github.com/denkhaus/templ-router/pkg/router/middleware/template_middleware.go:213.84,223.2 3 0
github.com/denkhaus/templ-router/pkg/router/middleware/template_middleware.go:227.170,245.18 7 0
github.com/denkhaus/templ-router/pkg/router/middleware/template_middleware.go:245.18,247.3 1 0
github.com/denkhaus/templ-router/pkg/router/middleware/template_middleware.go:249.2,259.41 2 0
github.com/denkhaus/templ-router/pkg/router/middleware/template_middleware.go:263.71,267.46 3 0
github.com/denkhaus/templ-router/pkg/router/middleware/template_middleware.go:267.46,270.3 2 0
github.com/denkhaus/templ-router/pkg/router/middleware/template_middleware.go:273.2,275.16 3 0
github.com/denkhaus/templ-router/pkg/router/middleware/template_middleware.go:275.16,280.3 2 0
github.com/denkhaus/templ-router/pkg/router/middleware/template_middleware.go:282.2,287.15 3 0
github.com/denkhaus/templ-router/pkg/router/middleware/template_middleware.go:291.117,292.53 1 0
github.com/denkhaus/templ-router/pkg/router/middleware/template_middleware.go:292.53,296.3 2 0
github.com/denkhaus/templ-router/pkg/router/middleware/template_middleware.go:299.2,301.16 3 0
github.com/denkhaus/templ-router/pkg/router/middleware/template_middleware.go:301.16,307.3 2 0
github.com/denkhaus/templ-router/pkg/router/middleware/template_middleware.go:309.2,315.15 2 0
github.com/denkhaus/templ-router/pkg/router/middleware/template_middleware.go:319.138,326.51 3 0
github.com/denkhaus/templ-router/pkg/router/middleware/template_middleware.go:326.51,328.51 1 0
github.com/denkhaus/templ-router/pkg/router/middleware/template_middleware.go:328.51,329.12 1 0
github.com/denkhaus/templ-router/pkg/router/middleware/template_middleware.go:333.3,334.17 2 0
github.com/denkhaus/templ-router/pkg/router/middleware/template_middleware.go:334.17,335.12 1 0
github.com/denkhaus/templ-router/pkg/router/middleware/template_middleware.go:339.3,339.72 1 0
github.com/denkhaus/templ-router/pkg/router/middleware/template_middleware.go:339.72,340.12 1 0
github.com/denkhaus/templ-router/pkg/router/middleware/template_middleware.go:344.3,346.17 3 0
github.com/denkhaus/templ-router/pkg/router/middleware/template_middleware.go:346.17,351.12 2 0
github.com/denkhaus/templ-router/pkg/router/middleware/template_middleware.go:354.3,354.55 1 0
github.com/denkhaus/templ-router/pkg/router/middleware/template_middleware.go:357.2,360.19 2 0
github.com/denkhaus/templ-router/pkg/router/middleware/template_middleware.go:364.70,390.2 8 0
github.com/denkhaus/templ-router/pkg/router/middleware/template_middleware.go:394.174,402.64 3 0
github.com/denkhaus/templ-router/pkg/router/middleware/template_middleware.go:402.64,404.3 1 0
github.com/denkhaus/templ-router/pkg/router/middleware/template_middleware.go:406.2,406.15 1 0
github.com/denkhaus/templ-router/pkg/router/middleware/template_middleware.go:411.178,417.42 3 0
github.com/denkhaus/templ-router/pkg/router/middleware/template_middleware.go:417.42,418.40 1 0
[...]
github.com/denkhaus/templ-router/pkg/services/auth/default_session_store.go:137.3,139.31 2 0
github.com/denkhaus/templ-router/pkg/services/auth/default_session_store.go:139.31,142.4 1 0
github.com/denkhaus/templ-router/magefiles/build.go:14.38,17.2 2 0
github.com/denkhaus/templ-router/magefiles/build.go:20.38,23.2 2 0
github.com/denkhaus/templ-router/magefiles/build.go:26.35,29.2 2 0
github.com/denkhaus/templ-router/magefiles/build.go:32.38,37.2 3 0
github.com/denkhaus/templ-router/magefiles/build.go:39.41,49.49 3 0
github.com/denkhaus/templ-router/magefiles/build.go:49.49,51.3 1 0
github.com/denkhaus/templ-router/magefiles/build.go:54.2,55.54 2 0
github.com/denkhaus/templ-router/magefiles/build.go:58.33,63.2 3 0
github.com/denkhaus/templ-router/magefiles/build.go:65.36,73.2 2 0
github.com/denkhaus/templ-router/magefiles/build.go:76.26,90.37 3 0
github.com/denkhaus/templ-router/magefiles/build.go:90.37,99.31 4 0
github.com/denkhaus/templ-router/magefiles/build.go:99.31,101.4 1 0
github.com/denkhaus/templ-router/magefiles/build.go:103.3,103.86 1 0
github.com/denkhaus/templ-router/magefiles/build.go:103.86,105.4 1 0
github.com/denkhaus/templ-router/magefiles/build.go:108.2,109.12 2 0
github.com/denkhaus/templ-router/magefiles/changelog.go:17.35,22.16 3 0
github.com/denkhaus/templ-router/magefiles/changelog.go:22.16,25.3 2 0
github.com/denkhaus/templ-router/magefiles/changelog.go:28.2,29.21 2 0
github.com/denkhaus/templ-router/magefiles/changelog.go:29.21,31.3 1 0
github.com/denkhaus/templ-router/magefiles/changelog.go:31.8,33.3 1 0
github.com/denkhaus/templ-router/magefiles/changelog.go:35.2,35.16 1 0
github.com/denkhaus/templ-router/magefiles/changelog.go:35.16,37.3 1 0
github.com/denkhaus/templ-router/magefiles/changelog.go:39.2,39.19 1 0
github.com/denkhaus/templ-router/magefiles/changelog.go:39.19,42.3 2 0
github.com/denkhaus/templ-router/magefiles/changelog.go:45.2,49.12 4 0
github.com/denkhaus/templ-router/magefiles/changelog.go:53.33,58.16 3 0
github.com/denkhaus/templ-router/magefiles/changelog.go:58.16,60.3 1 0
github.com/denkhaus/templ-router/magefiles/changelog.go:62.2,62.19 1 0
github.com/denkhaus/templ-router/magefiles/changelog.go:62.19,65.3 2 0
github.com/denkhaus/templ-router/magefiles/changelog.go:68.2,69.16 2 0
github.com/denkhaus/templ-router/magefiles/changelog.go:69.16,71.3 1 0
github.com/denkhaus/templ-router/magefiles/changelog.go:74.2,78.29 4 0
github.com/denkhaus/templ-router/magefiles/changelog.go:78.29,82.48 2 0
github.com/denkhaus/templ-router/magefiles/changelog.go:82.48,84.12 2 0
github.com/denkhaus/templ-router/magefiles/changelog.go:88.3,88.61 1 0
github.com/denkhaus/templ-router/magefiles/changelog.go:88.61,91.39 2 0
github.com/denkhaus/templ-router/magefiles/changelog.go:91.39,92.40 1 0
github.com/denkhaus/templ-router/magefiles/changelog.go:92.40,94.6 1 0
github.com/denkhaus/templ-router/magefiles/changelog.go:96.4,96.12 1 0
github.com/denkhaus/templ-router/magefiles/changelog.go:101.2,102.79 2 0
github.com/denkhaus/templ-router/magefiles/changelog.go:102.79,104.3 1 0
github.com/denkhaus/templ-router/magefiles/changelog.go:106.2,107.12 2 0
github.com/denkhaus/templ-router/magefiles/changelog.go:111.35,115.16 3 0
github.com/denkhaus/templ-router/magefiles/changelog.go:115.16,117.3 1 0
github.com/denkhaus/templ-router/magefiles/changelog.go:120.2,129.43 3 0
github.com/denkhaus/templ-router/magefiles/changelog.go:129.43,130.45 1 0
github.com/denkhaus/templ-router/magefiles/changelog.go:130.45,132.4 1 0
github.com/denkhaus/templ-router/magefiles/changelog.go:135.2,136.12 2 0
github.com/denkhaus/templ-router/magefiles/changelog.go:140.36,143.19 2 0
github.com/denkhaus/templ-router/magefiles/changelog.go:143.19,145.3 1 0
github.com/denkhaus/templ-router/magefiles/changelog.go:147.2,151.16 3 0
github.com/denkhaus/templ-router/magefiles/changelog.go:151.16,153.3 1 0
github.com/denkhaus/templ-router/magefiles/changelog.go:156.2,189.29 8 0
github.com/denkhaus/templ-router/magefiles/changelog.go:189.29,193.86 2 0
github.com/denkhaus/templ-router/magefiles/changelog.go:193.86,196.4 2 0
github.com/denkhaus/templ-router/magefiles/changelog.go:200.2,201.81 2 0
github.com/denkhaus/templ-router/magefiles/changelog.go:201.81,203.3 1 0
github.com/denkhaus/templ-router/magefiles/changelog.go:205.2,206.12 2 0
github.com/denkhaus/templ-router/magefiles/docker.go:14.28,17.2 2 0
github.com/denkhaus/templ-router/magefiles/docker.go:20.30,23.2 2 0
github.com/denkhaus/templ-router/magefiles/docker.go:25.31,28.2 2 0
github.com/denkhaus/templ-router/magefiles/docker.go:31.30,34.2 2 0
github.com/denkhaus/templ-router/magefiles/docker.go:37.31,40.2 2 0
github.com/denkhaus/templ-router/magefiles/docker.go:43.33,46.2 2 0
github.com/denkhaus/templ-router/magefiles/docker.go:48.36,52.2 3 0
github.com/denkhaus/templ-router/magefiles/generator.go:19.36,24.16 3 0
github.com/denkhaus/templ-router/magefiles/generator.go:24.16,26.3 1 0
github.com/denkhaus/templ-router/magefiles/generator.go:28.2,29.16 2 0
github.com/denkhaus/templ-router/magefiles/generator.go:29.16,32.3 2 0
github.com/denkhaus/templ-router/magefiles/generator.go:34.2,49.16 5 0
github.com/denkhaus/templ-router/magefiles/generator.go:49.16,51.3 1 0
github.com/denkhaus/templ-router/magefiles/generator.go:54.2,58.18 3 0
github.com/denkhaus/templ-router/magefiles/generator.go:58.18,60.3 1 0
github.com/denkhaus/templ-router/magefiles/generator.go:62.2,63.31 2 0
github.com/denkhaus/templ-router/magefiles/generator.go:63.31,65.3 1 0
github.com/denkhaus/templ-router/magefiles/generator.go:67.2,70.55 2 0
github.com/denkhaus/templ-router/magefiles/generator.go:70.55,72.3 1 0
github.com/denkhaus/templ-router/magefiles/generator.go:75.2,76.16 2 0
github.com/denkhaus/templ-router/magefiles/generator.go:76.16,78.3 1 0
github.com/denkhaus/templ-router/magefiles/generator.go:80.2,83.12 3 0
github.com/denkhaus/templ-router/magefiles/generator.go:87.34,92.16 3 0
github.com/denkhaus/templ-router/magefiles/generator.go:92.16,94.3 1 0
github.com/denkhaus/templ-router/magefiles/generator.go:96.2,97.16 2 0
github.com/denkhaus/templ-router/magefiles/generator.go:97.16,100.3 2 0
github.com/denkhaus/templ-router/magefiles/generator.go:102.2,113.49 4 0
github.com/denkhaus/templ-router/magefiles/generator.go:113.49,115.3 1 0
github.com/denkhaus/templ-router/magefiles/generator.go:118.2,119.31 2 0
github.com/denkhaus/templ-router/magefiles/generator.go:119.31,121.3 1 0
github.com/denkhaus/templ-router/magefiles/generator.go:123.2,129.16 3 0
github.com/denkhaus/templ-router/magefiles/generator.go:129.16,131.3 1 0
github.com/denkhaus/templ-router/magefiles/generator.go:134.2,135.16 2 0
github.com/denkhaus/templ-router/magefiles/generator.go:135.16,137.3 1 0
github.com/denkhaus/templ-router/magefiles/generator.go:139.2,142.12 3 0
github.com/denkhaus/templ-router/magefiles/generator.go:146.36,151.16 3 0
github.com/denkhaus/templ-router/magefiles/generator.go:151.16,153.3 1 0
github.com/denkhaus/templ-router/magefiles/generator.go:155.2,156.16 2 0
github.com/denkhaus/templ-router/magefiles/generator.go:156.16,159.3 2 0
github.com/denkhaus/templ-router/magefiles/generator.go:161.2,173.54 5 0
github.com/denkhaus/templ-router/magefiles/generator.go:173.54,175.3 1 0
github.com/denkhaus/templ-router/magefiles/generator.go:178.2,192.37 2 0
github.com/denkhaus/templ-router/magefiles/generator.go:192.37,205.17 6 0
github.com/denkhaus/templ-router/magefiles/generator.go:205.17,207.4 1 0
github.com/denkhaus/templ-router/magefiles/generator.go:209.3,209.43 1 0
github.com/denkhaus/templ-router/magefiles/generator.go:212.2,214.12 2 0
github.com/denkhaus/templ-router/magefiles/generator.go:218.33,222.2 2 0
github.com/denkhaus/templ-router/magefiles/generator.go:225.41,229.54 2 0
github.com/denkhaus/templ-router/magefiles/generator.go:229.54,231.3 1 0
github.com/denkhaus/templ-router/magefiles/generator.go:234.2,235.16 2 0
github.com/denkhaus/templ-router/magefiles/generator.go:235.16,237.3 1 0
github.com/denkhaus/templ-router/magefiles/generator.go:240.2,241.16 2 0
github.com/denkhaus/templ-router/magefiles/generator.go:241.16,243.3 1 0
github.com/denkhaus/templ-router/magefiles/generator.go:246.2,247.16 2 0
github.com/denkhaus/templ-router/magefiles/generator.go:247.16,249.3 1 0
github.com/denkhaus/templ-router/magefiles/generator.go:251.2,253.12 2 0
github.com/denkhaus/templ-router/magefiles/generator.go:257.34,262.27 3 0
github.com/denkhaus/templ-router/magefiles/generator.go:262.27,263.43 1 0
github.com/denkhaus/templ-router/magefiles/generator.go:263.43,265.4 1 0
github.com/denkhaus/templ-router/magefiles/generator.go:265.9,267.4 1 0
github.com/denkhaus/templ-router/magefiles/generator.go:270.2,272.12 2 0
github.com/denkhaus/templ-router/magefiles/generator.go:276.36,278.16 2 0
github.com/denkhaus/templ-router/magefiles/generator.go:278.16,280.3 1 0
github.com/denkhaus/templ-router/magefiles/generator.go:282.2,283.16 2 0
github.com/denkhaus/templ-router/magefiles/generator.go:283.16,285.3 1 0
github.com/denkhaus/templ-router/magefiles/generator.go:287.2,292.12 5 0
github.com/denkhaus/templ-router/magefiles/generator.go:297.35,300.50 2 0
github.com/denkhaus/templ-router/magefiles/generator.go:300.50,302.3 1 0
github.com/denkhaus/templ-router/magefiles/generator.go:305.2,306.16 2 0
github.com/denkhaus/templ-router/magefiles/generator.go:306.16,308.38 2 0
github.com/denkhaus/templ-router/magefiles/generator.go:308.38,310.4 1 0
github.com/denkhaus/templ-router/magefiles/generator.go:311.3,311.22 1 0
github.com/denkhaus/templ-router/magefiles/generator.go:315.2,316.16 2 0
github.com/denkhaus/templ-router/magefiles/generator.go:316.16,318.3 1 0
github.com/denkhaus/templ-router/magefiles/generator.go:321.2,321.19 1 0
github.com/denkhaus/templ-router/magefiles/generator.go:324.37,326.16 2 0
github.com/denkhaus/templ-router/magefiles/generator.go:326.16,328.3 1 0
github.com/denkhaus/templ-router/magefiles/generator.go:329.2,329.39 1 0
github.com/denkhaus/templ-router/magefiles/generator.go:333.42,337.36 2 0
github.com/denkhaus/templ-router/magefiles/generator.go:337.36,339.3 1 0
github.com/denkhaus/templ-router/magefiles/generator.go:342.2,343.18 2 0
github.com/denkhaus/templ-router/magefiles/generator.go:343.18,345.3 1 0
github.com/denkhaus/templ-router/magefiles/generator.go:347.2,350.39 3 0
github.com/denkhaus/templ-router/magefiles/generator.go:350.39,355.3 4 0
github.com/denkhaus/templ-router/magefiles/generator.go:355.8,358.3 2 0
github.com/denkhaus/templ-router/magefiles/generator.go:360.2,360.12 1 0
github.com/denkhaus/templ-router/magefiles/generator.go:364.30,369.16 3 0
github.com/denkhaus/templ-router/magefiles/generator.go:369.16,371.3 1 0
github.com/denkhaus/templ-router/magefiles/generator.go:373.2,374.16 2 0
github.com/denkhaus/templ-router/magefiles/generator.go:374.16,376.3 1 0
github.com/denkhaus/templ-router/magefiles/generator.go:378.2,392.16 5 0
github.com/denkhaus/templ-router/magefiles/generator.go:392.16,394.3 1 0
github.com/denkhaus/templ-router/magefiles/generator.go:396.2,398.12 2 0
github.com/denkhaus/templ-router/magefiles/main.go:19.18,29.12 6 0
github.com/denkhaus/templ-router/magefiles/main.go:29.12,32.51 3 0
github.com/denkhaus/templ-router/magefiles/main.go:32.51,34.4 1 0
github.com/denkhaus/templ-router/magefiles/main.go:38.2,39.12 2 0
github.com/denkhaus/templ-router/magefiles/main.go:39.12,42.48 3 0
github.com/denkhaus/templ-router/magefiles/main.go:42.48,44.4 1 0
github.com/denkhaus/templ-router/magefiles/main.go:48.2,49.12 2 0
github.com/denkhaus/templ-router/magefiles/main.go:49.12,52.51 3 0
github.com/denkhaus/templ-router/magefiles/main.go:52.51,54.4 1 0
github.com/denkhaus/templ-router/magefiles/main.go:58.2,59.12 2 0
github.com/denkhaus/templ-router/magefiles/main.go:59.12,69.48 3 0
github.com/denkhaus/templ-router/magefiles/main.go:69.48,71.4 1 0
github.com/denkhaus/templ-router/magefiles/main.go:75.2,75.12 1 0
github.com/denkhaus/templ-router/magefiles/main.go:75.12,78.3 2 0
github.com/denkhaus/templ-router/magefiles/main.go:81.2,81.27 1 0
github.com/denkhaus/templ-router/magefiles/main.go:81.27,82.17 1 0
github.com/denkhaus/templ-router/magefiles/main.go:82.17,84.4 1 0
github.com/denkhaus/templ-router/magefiles/main.go:87.2,87.12 1 0
github.com/denkhaus/templ-router/magefiles/main.go:91.20,103.27 3 0
github.com/denkhaus/templ-router/magefiles/main.go:103.27,104.36 1 0
github.com/denkhaus/templ-router/magefiles/main.go:104.36,106.4 1 0
github.com/denkhaus/templ-router/magefiles/main.go:110.3,110.61 1 0
github.com/denkhaus/templ-router/magefiles/main.go:110.61,112.3 1 0
github.com/denkhaus/templ-router/magefiles/main.go:114.2,114.12 1 0
github.com/denkhaus/templ-router/magefiles/templ.go:7.32,9.2 1 0
github.com/denkhaus/templ-router/magefiles/test.go:16.27,24.2 3 0
github.com/denkhaus/templ-router/magefiles/test.go:27.32,35.2 3 0
github.com/denkhaus/templ-router/magefiles/test.go:38.32,46.2 3 0
github.com/denkhaus/templ-router/magefiles/test.go:49.34,57.2 3 0
github.com/denkhaus/templ-router/magefiles/test.go:60.31,68.2 3 0
github.com/denkhaus/templ-router/magefiles/test.go:71.31,79.2 3 0
github.com/denkhaus/templ-router/magefiles/test.go:82.31,90.2 3 0
github.com/denkhaus/templ-router/magefiles/test.go:93.31,101.2 3 0
github.com/denkhaus/templ-router/magefiles/test.go:104.42,112.2 3 0
github.com/denkhaus/templ-router/magefiles/test.go:115.41,123.2 3 0
github.com/denkhaus/templ-router/magefiles/test.go:126.34,134.2 3 0
github.com/denkhaus/templ-router/magefiles/test.go:137.35,145.2 3 0
github.com/denkhaus/templ-router/magefiles/test.go:148.32,152.91 2 0
github.com/denkhaus/templ-router/magefiles/test.go:152.91,154.3 1 0
github.com/denkhaus/templ-router/magefiles/test.go:157.2,157.80 1 0
github.com/denkhaus/templ-router/magefiles/test.go:157.80,159.3 1 0
github.com/denkhaus/templ-router/magefiles/test.go:161.2,162.12 2 0
github.com/denkhaus/templ-router/magefiles/test.go:166.36,171.16 4 0
github.com/denkhaus/templ-router/magefiles/test.go:171.16,173.3 1 0
github.com/denkhaus/templ-router/magefiles/test.go:174.2,174.15 1 0
github.com/denkhaus/templ-router/magefiles/test.go:174.15,175.59 1 0
github.com/denkhaus/templ-router/magefiles/test.go:175.59,177.4 1 0
github.com/denkhaus/templ-router/magefiles/test.go:180.2,180.28 1 0
github.com/denkhaus/templ-router/magefiles/test.go:180.28,182.3 1 0
github.com/denkhaus/templ-router/magefiles/test.go:184.2,185.12 2 0
github.com/denkhaus/templ-router/magefiles/test.go:189.27,193.45 2 0
github.com/denkhaus/templ-router/magefiles/test.go:193.45,195.3 1 0
github.com/denkhaus/templ-router/magefiles/test.go:198.2,198.32 1 0
github.com/denkhaus/templ-router/magefiles/test.go:198.32,200.3 1 0
github.com/denkhaus/templ-router/magefiles/test.go:202.2,203.12 2 0
github.com/denkhaus/templ-router/magefiles/test.go:207.26,211.53 2 0
github.com/denkhaus/templ-router/magefiles/test.go:211.53,213.3 1 0
github.com/denkhaus/templ-router/magefiles/test.go:216.2,216.32 1 0
github.com/denkhaus/templ-router/magefiles/test.go:216.32,218.3 1 0
github.com/denkhaus/templ-router/magefiles/test.go:220.2,221.12 2 0
github.com/denkhaus/templ-router/magefiles/test.go:225.32,229.37 2 0
github.com/denkhaus/templ-router/magefiles/test.go:229.37,231.3 1 0
github.com/denkhaus/templ-router/magefiles/test.go:234.2,234.40 1 0
github.com/denkhaus/templ-router/magefiles/test.go:234.40,236.3 1 0
github.com/denkhaus/templ-router/magefiles/test.go:239.2,243.41 3 0
github.com/denkhaus/templ-router/magefiles/test.go:243.41,245.3 1 0
github.com/denkhaus/templ-router/magefiles/test.go:248.2,248.37 1 0
github.com/denkhaus/templ-router/magefiles/test.go:248.37,250.3 1 0
github.com/denkhaus/templ-router/magefiles/test.go:252.2,263.12 11 0
github.com/denkhaus/templ-router/pkg/router/pipeline/handler_pipeline.go:30.66,44.2 6 0
github.com/denkhaus/templ-router/pkg/router/pipeline/handler_pipeline.go:47.77,56.38 3 0
github.com/denkhaus/templ-router/pkg/router/pipeline/handler_pipeline.go:56.38,60.3 1 0
github.com/denkhaus/templ-router/pkg/router/pipeline/handler_pipeline.go:63.2,72.16 5 0
github.com/denkhaus/templ-router/pkg/router/pipeline/handler_pipeline.go:76.90,78.63 1 0
github.com/denkhaus/templ-router/pkg/router/pipeline/handler_pipeline.go:78.63,83.3 2 0
github.com/denkhaus/templ-router/pkg/router/pipeline/handler_pipeline.go:86.2,86.30 1 0
github.com/denkhaus/templ-router/pkg/router/pipeline/handler_pipeline.go:86.30,91.3 2 0
github.com/denkhaus/templ-router/pkg/router/pipeline/handler_pipeline.go:94.2,96.43 2 0
github.com/denkhaus/templ-router/pkg/router/pipeline/handler_pipeline.go:100.85,103.2 2 0
github.com/denkhaus/templ-router/pkg/router/metadata/metadata_helpers.go:11.48,14.24 2 0
github.com/denkhaus/templ-router/pkg/router/metadata/metadata_helpers.go:14.24,16.3 1 0
github.com/denkhaus/templ-router/pkg/router/metadata/metadata_helpers.go:19.2,19.62 1 0
github.com/denkhaus/templ-router/pkg/router/metadata/metadata_helpers.go:19.62,21.46 2 0
github.com/denkhaus/templ-router/pkg/router/metadata/metadata_helpers.go:21.46,23.4 1 0
github.com/denkhaus/templ-router/pkg/router/metadata/metadata_helpers.go:27.3,27.83 1 0
github.com/denkhaus/templ-router/pkg/router/metadata/metadata_helpers.go:27.83,29.4 1 0
github.com/denkhaus/templ-router/pkg/router/metadata/metadata_helpers.go:32.2,32.49 1 0
github.com/denkhaus/templ-router/pkg/router/metadata/metadata_helpers.go:36.78,37.26 1 0
github.com/denkhaus/templ-router/pkg/router/metadata/metadata_helpers.go:37.26,39.3 1 0
github.com/denkhaus/templ-router/pkg/router/metadata/metadata_helpers.go:42.2,42.69 1 0
github.com/denkhaus/templ-router/pkg/router/metadata/metadata_helpers.go:42.69,43.45 1 0
github.com/denkhaus/templ-router/pkg/router/metadata/metadata_helpers.go:43.45,44.42 1 0
github.com/denkhaus/templ-router/pkg/router/metadata/metadata_helpers.go:44.42,46.5 1 0
github.com/denkhaus/templ-router/pkg/router/metadata/metadata_helpers.go:51.2,51.64 1 0
github.com/denkhaus/templ-router/pkg/router/metadata/metadata_helpers.go:51.64,52.45 1 0
github.com/denkhaus/templ-router/pkg/router/metadata/metadata_helpers.go:52.45,53.42 1 0
github.com/denkhaus/templ-router/pkg/router/metadata/metadata_helpers.go:53.42,55.5 1 0
github.com/denkhaus/templ-router/pkg/router/metadata/metadata_helpers.go:59.2,59.42 1 0
github.com/denkhaus/templ-router/pkg/router/metadata/metadata_helpers.go:64.71,67.9 2 0
github.com/denkhaus/templ-router/pkg/router/metadata/metadata_helpers.go:67.9,69.3 1 0
github.com/denkhaus/templ-router/pkg/router/metadata/metadata_helpers.go:73.2,74.25 2 0
github.com/denkhaus/templ-router/pkg/router/metadata/metadata_helpers.go:74.25,76.3 1 0
github.com/denkhaus/templ-router/pkg/router/metadata/metadata_helpers.go:79.2,80.20 2 0
github.com/denkhaus/templ-router/pkg/router/metadata/metadata_helpers.go:80.20,82.3 1 0
github.com/denkhaus/templ-router/pkg/router/metadata/metadata_helpers.go:85.2,86.16 2 0
github.com/denkhaus/templ-router/pkg/router/metadata/metadata_helpers.go:86.16,88.3 1 0
github.com/denkhaus/templ-router/pkg/router/metadata/metadata_helpers.go:91.2,91.66 1 0
github.com/denkhaus/templ-router/pkg/router/metadata/metadata_helpers.go:95.63,97.53 1 0
github.com/denkhaus/templ-router/pkg/router/metadata/metadata_helpers.go:97.53,99.3 1 0
github.com/denkhaus/templ-router/pkg/router/metadata/metadata_helpers.go:102.2,103.21 2 0
github.com/denkhaus/templ-router/pkg/router/metadata/metadata_helpers.go:103.21,105.3 1 0
github.com/denkhaus/templ-router/pkg/router/metadata/metadata_helpers.go:107.2,108.43 2 0
github.com/denkhaus/templ-router/pkg/router/metadata/metadata_helpers.go:108.43,110.3 1 0
github.com/denkhaus/templ-router/pkg/router/metadata/metadata_helpers.go:112.2,112.17 1 0
github.com/denkhaus/templ-router/pkg/router/metadata/metadata_helpers.go:116.57,118.47 1 0
github.com/denkhaus/templ-router/pkg/router/metadata/metadata_helpers.go:118.47,120.3 1 0
github.com/denkhaus/templ-router/pkg/router/metadata/metadata_helpers.go:121.2,121.37 1 0
